This is pdfTeX, Version 3.14159265-2.6-1.40.20 (TeX Live 2019) (preloaded format=pdflatex 2020.6.15)  24 JUL 2020 16:20
entering extended mode
 restricted \write18 enabled.
 %&-line parsing enabled.
**refman
(./refman.tex
LaTeX2e <2018-12-01>
(/usr/share/texlive/texmf-dist/tex/latex/base/book.cls
Document Class: book 2018/09/03 v1.4i Standard LaTeX document class
(/usr/share/texlive/texmf-dist/tex/latex/base/bk10.clo
File: bk10.clo 2018/09/03 v1.4i Standard LaTeX file (size option)
)
\c@part=\count80
\c@chapter=\count81
\c@section=\count82
\c@subsection=\count83
\c@subsubsection=\count84
\c@paragraph=\count85
\c@subparagraph=\count86
\c@figure=\count87
\c@table=\count88
\abovecaptionskip=\skip41
\belowcaptionskip=\skip42
\bibindent=\dimen102
)
(/usr/share/texlive/texmf-dist/tex/latex/base/ifthen.sty
Package: ifthen 2014/09/29 v1.1c Standard LaTeX ifthen package (DPC)
)
(/usr/share/texlive/texmf-dist/tex/latex/tools/array.sty
Rollback for package 'array' requested -> date 2016-10-06.
         Best approximation is the release introduced on 2016-10-06.

(/usr/share/texlive/texmf-dist/tex/latex/tools/array-2016-10-06.sty
Package: array 2016/10/06 v2.4d Tabular extension package (FMi)
\col@sep=\dimen103
\extrarowheight=\dimen104
\NC@list=\toks14
\extratabsurround=\skip43
\backup@length=\skip44
))
(/usr/share/texlive/texmf-dist/tex/latex/base/fixltx2e.sty
Package: fixltx2e 2016/12/29 v2.1a fixes to LaTeX (obsolete)
Applying: [2015/01/01] Old fixltx2e package on input line 46.


Package fixltx2e Warning: fixltx2e is not required with releases after 2015
(fixltx2e)                All fixes are now in the LaTeX kernel.
(fixltx2e)                See the latexrelease package for details.

Already applied: [0000/00/00] Old fixltx2e package on input line 53.
) (/usr/share/texlive/texmf-dist/tex/latex/tools/calc.sty
Package: calc 2017/05/25 v4.3 Infix arithmetic (KKT,FJ)
\calc@Acount=\count89
\calc@Bcount=\count90
\calc@Adimen=\dimen105
\calc@Bdimen=\dimen106
\calc@Askip=\skip45
\calc@Bskip=\skip46
LaTeX Info: Redefining \setlength on input line 80.
LaTeX Info: Redefining \addtolength on input line 81.
\calc@Ccount=\count91
\calc@Cskip=\skip47
) (./doxygen.sty
Package: doxygen 

(/usr/share/texlive/texmf-dist/tex/latex/base/alltt.sty
Package: alltt 1997/06/16 v2.0g defines alltt environment
)
(/usr/share/texlive/texmf-dist/tex/latex/float/float.sty
Package: float 2001/11/08 v1.3d Float enhancements (AL)
\c@float@type=\count92
\float@exts=\toks15
\float@box=\box27
\@float@everytoks=\toks16
\@floatcapt=\box28
)
(/usr/share/texlive/texmf-dist/tex/latex/tools/verbatim.sty
Package: verbatim 2014/10/28 v1.5q LaTeX2e package for verbatim enhancements
\every@verbatim=\toks17
\verbatim@line=\toks18
\verbatim@in@stream=\read1
)
(/usr/share/texlive/texmf-dist/tex/latex/xcolor/xcolor.sty
Package: xcolor 2016/05/11 v2.12 LaTeX color extensions (UK)

(/usr/share/texlive/texmf-dist/tex/latex/graphics-cfg/color.cfg
File: color.cfg 2016/01/02 v1.6 sample color configuration
)
Package xcolor Info: Driver file: pdftex.def on input line 225.

(/usr/share/texlive/texmf-dist/tex/latex/graphics-def/pdftex.def
File: pdftex.def 2018/01/08 v1.0l Graphics/color driver for pdftex
)
(/usr/share/texlive/texmf-dist/tex/latex/colortbl/colortbl.sty
Package: colortbl 2018/12/12 v1.0d Color table columns (DPC)
\everycr=\toks19
\minrowclearance=\skip48
)
\rownum=\count93
Package xcolor Info: Model `cmy' substituted by `cmy0' on input line 1348.
Package xcolor Info: Model `hsb' substituted by `rgb' on input line 1352.
Package xcolor Info: Model `RGB' extended on input line 1364.
Package xcolor Info: Model `HTML' substituted by `rgb' on input line 1366.
Package xcolor Info: Model `Hsb' substituted by `hsb' on input line 1367.
Package xcolor Info: Model `tHsb' substituted by `hsb' on input line 1368.
Package xcolor Info: Model `HSB' substituted by `hsb' on input line 1369.
Package xcolor Info: Model `Gray' substituted by `gray' on input line 1370.
Package xcolor Info: Model `wave' substituted by `hsb' on input line 1371.
)
(./longtable_doxygen.sty
Package: longtable_doxygen 2014/10/28 v4.11 Multi-page Table package (DPC) - fr
ozen version for doxygen
\LTleft=\skip49
\LTright=\skip50
\LTpre=\skip51
\LTpost=\skip52
\LTchunksize=\count94
\LTcapwidth=\dimen107
\LT@head=\box29
\LT@firsthead=\box30
\LT@foot=\box31
\LT@lastfoot=\box32
\LT@cols=\count95
\LT@rows=\count96
\c@LT@tables=\count97
\c@LT@chunks=\count98
\LT@p@ftn=\toks20
) (./tabu_doxygen.sty
Package: tabu_doxygen 2011/02/26 v2.8 - flexible LaTeX tabulars (FC), frozen ve
rsion for doxygen

(/usr/share/texlive/texmf-dist/tex/latex/varwidth/varwidth.sty
Package: varwidth 2009/03/30 ver 0.92;  Variable-width minipages
\@vwid@box=\box33
\sift@deathcycles=\count99
\@vwid@loff=\dimen108
\@vwid@roff=\dimen109
)
\c@taburow=\count100
\tabu@nbcols=\count101
\tabu@cnt=\count102
\tabu@Xcol=\count103
\tabu@alloc=\count104
\tabu@nested=\count105
\tabu@target=\dimen110
\tabu@spreadtarget=\dimen111
\tabu@naturalX=\dimen112
\tabucolX=\dimen113
\tabu@Xsum=\dimen114
\extrarowdepth=\dimen115
\abovetabulinesep=\dimen116
\belowtabulinesep=\dimen117
\tabustrutrule=\dimen118
\tabu@thebody=\toks21
\tabu@footnotes=\toks22
\tabu@box=\box34
\tabu@arstrutbox=\box35
\tabu@hleads=\box36
\tabu@vleads=\box37
\tabu@cellskip=\skip53
)
(/usr/share/texlive/texmf-dist/tex/latex/fancyvrb/fancyvrb.sty
Package: fancyvrb 2019/01/15

Style option: `fancyvrb' v3.2a <2019/01/15> (tvz)
(/usr/share/texlive/texmf-dist/tex/latex/graphics/keyval.sty
Package: keyval 2014/10/28 v1.15 key=value parser (DPC)
\KV@toks@=\toks23
)
\FV@CodeLineNo=\count106
\FV@InFile=\read2
\FV@TabBox=\box38
\c@FancyVerbLine=\count107
\FV@StepNumber=\count108
\FV@OutFile=\write3
)
(/usr/share/texlive/texmf-dist/tex/latex/tools/tabularx.sty
Package: tabularx 2016/02/03 v2.11b `tabularx' package (DPC)
\TX@col@width=\dimen119
\TX@old@table=\dimen120
\TX@old@col=\dimen121
\TX@target=\dimen122
\TX@delta=\dimen123
\TX@cols=\count109
\TX@ftn=\toks24
)

! LaTeX Error: File `multirow.sty' not found.

Type X to quit or <RETURN> to proceed,
or enter new name. (Default extension: sty)

Enter file name: 

! LaTeX Error: File `hanging.sty' not found.

Type X to quit or <RETURN> to proceed,
or enter new name. (Default extension: sty)

Enter file name: 
(/usr/share/texlive/texmf-dist/tex/generic/oberdiek/ifpdf.sty
Package: ifpdf 2018/09/07 v3.3 Provides the ifpdf switch
)
(/usr/share/texlive/texmf-dist/tex/latex/adjustbox/adjustbox.sty
Package: adjustbox 2019/01/04 v1.2 Adjusting TeX boxes (trim, clip, ...)

(/usr/share/texlive/texmf-dist/tex/latex/xkeyval/xkeyval.sty
Package: xkeyval 2014/12/03 v2.7a package option processing (HA)

(/usr/share/texlive/texmf-dist/tex/generic/xkeyval/xkeyval.tex
(/usr/share/texlive/texmf-dist/tex/generic/xkeyval/xkvutils.tex
\XKV@toks=\toks25
\XKV@tempa@toks=\toks26
)
\XKV@depth=\count110
File: xkeyval.tex 2014/12/03 v2.7a key=value parser (HA)
))
(/usr/share/texlive/texmf-dist/tex/latex/adjustbox/adjcalc.sty
Package: adjcalc 2012/05/16 v1.1 Provides advanced setlength with multiple back
-ends (calc, etex, pgfmath)
)
(/usr/share/texlive/texmf-dist/tex/latex/adjustbox/trimclip.sty
Package: trimclip 2018/04/08 v1.1 Trim and clip general TeX material

(/usr/share/texlive/texmf-dist/tex/latex/graphics/graphicx.sty
Package: graphicx 2017/06/01 v1.1a Enhanced LaTeX Graphics (DPC,SPQR)

(/usr/share/texlive/texmf-dist/tex/latex/graphics/graphics.sty
Package: graphics 2017/06/25 v1.2c Standard LaTeX Graphics (DPC,SPQR)

(/usr/share/texlive/texmf-dist/tex/latex/graphics/trig.sty
Package: trig 2016/01/03 v1.10 sin cos tan (DPC)
)
(/usr/share/texlive/texmf-dist/tex/latex/graphics-cfg/graphics.cfg
File: graphics.cfg 2016/06/04 v1.11 sample graphics configuration
)
Package graphics Info: Driver file: pdftex.def on input line 99.
)
\Gin@req@height=\dimen124
\Gin@req@width=\dimen125
)
(/usr/share/texlive/texmf-dist/tex/latex/collectbox/collectbox.sty
Package: collectbox 2012/05/17 v0.4b Collect macro arguments as boxes
\collectedbox=\box39
)
\tc@llx=\dimen126
\tc@lly=\dimen127
\tc@urx=\dimen128
\tc@ury=\dimen129
Package trimclip Info: Using driver 'tc-pdftex.def'.

(/usr/share/texlive/texmf-dist/tex/latex/adjustbox/tc-pdftex.def
File: tc-pdftex.def 2019/01/04 v2.2 Clipping driver for pdftex
))
\adjbox@Width=\dimen130
\adjbox@Height=\dimen131
\adjbox@Depth=\dimen132
\adjbox@Totalheight=\dimen133
\adjbox@pwidth=\dimen134
\adjbox@pheight=\dimen135
\adjbox@pdepth=\dimen136
\adjbox@ptotalheight=\dimen137

(/usr/share/texlive/texmf-dist/tex/latex/ifoddpage/ifoddpage.sty
Package: ifoddpage 2016/04/23 v1.1 Conditionals for odd/even page detection
\c@checkoddpage=\count111
))
(/usr/share/texlive/texmf-dist/tex/latex/amsfonts/amssymb.sty
Package: amssymb 2013/01/14 v3.01 AMS font symbols

(/usr/share/texlive/texmf-dist/tex/latex/amsfonts/amsfonts.sty
Package: amsfonts 2013/01/14 v3.01 Basic AMSFonts support
\@emptytoks=\toks27
\symAMSa=\mathgroup4
\symAMSb=\mathgroup5
LaTeX Font Info:    Overwriting math alphabet `\mathfrak' in version `bold'
(Font)                  U/euf/m/n --> U/euf/b/n on input line 106.
))

! LaTeX Error: File `stackengine.sty' not found.

Type X to quit or <RETURN> to proceed,
or enter new name. (Default extension: sty)

Enter file name: 
(/usr/share/texlive/texmf-dist/tex/generic/ulem/ulem.sty
\UL@box=\box40
\UL@hyphenbox=\box41
\UL@skip=\skip54
\UL@hook=\toks28
\UL@height=\dimen138
\UL@pe=\count112
\UL@pixel=\dimen139
\ULC@box=\box42
Package: ulem 2012/05/18
\ULdepth=\dimen140
)
\xrefbox=\box43
\xreflength=\skip55
\CodeWidthChar=\skip56
\CodeHeightChar=\skip57
\DoxyCodeWidth=\skip58
)
(/usr/share/texlive/texmf-dist/tex/latex/base/inputenc.sty
Package: inputenc 2018/08/11 v1.3c Input encoding file
\inpenc@prehook=\toks29
\inpenc@posthook=\toks30
)
(/usr/share/texlive/texmf-dist/tex/latex/base/makeidx.sty
Package: makeidx 2014/09/29 v1.0m Standard LaTeX package
)
(/usr/share/texlive/texmf-dist/tex/latex/tools/multicol.sty
Package: multicol 2018/12/27 v1.8v multicolumn formatting (FMi)
\c@tracingmulticols=\count113
\mult@box=\box44
\multicol@leftmargin=\dimen141
\c@unbalance=\count114
\c@collectmore=\count115
\doublecol@number=\count116
\multicoltolerance=\count117
\multicolpretolerance=\count118
\full@width=\dimen142
\page@free=\dimen143
\premulticols=\dimen144
\postmulticols=\dimen145
\multicolsep=\skip59
\multicolbaselineskip=\skip60
\partial@page=\box45
\last@line=\box46
\maxbalancingoverflow=\dimen146
\mult@rightbox=\box47
\mult@grightbox=\box48
\mult@gfirstbox=\box49
\mult@firstbox=\box50
\@tempa=\box51
\@tempa=\box52
\@tempa=\box53
\@tempa=\box54
\@tempa=\box55
\@tempa=\box56
\@tempa=\box57
\@tempa=\box58
\@tempa=\box59
\@tempa=\box60
\@tempa=\box61
\@tempa=\box62
\@tempa=\box63
\@tempa=\box64
\@tempa=\box65
\@tempa=\box66
\@tempa=\box67
\c@columnbadness=\count119
\c@finalcolumnbadness=\count120
\last@try=\dimen147
\multicolovershoot=\dimen148
\multicolundershoot=\dimen149
\mult@nat@firstbox=\box68
\colbreak@box=\box69
\mc@col@check@num=\count121
)
(/usr/share/texlive/texmf-dist/tex/latex/base/textcomp.sty
Package: textcomp 2018/08/11 v2.0j Standard LaTeX package
Package textcomp Info: Sub-encoding information:
(textcomp)               5 = only ISO-Adobe without \textcurrency
(textcomp)               4 = 5 + \texteuro
(textcomp)               3 = 4 + \textohm
(textcomp)               2 = 3 + \textestimated + \textcurrency
(textcomp)               1 = TS1 - \textcircled - \t
(textcomp)               0 = TS1 (full)
(textcomp)             Font families with sub-encoding setting implement
(textcomp)             only a restricted character set as indicated.
(textcomp)             Family '?' is the default used for unknown fonts.
(textcomp)             See the documentation for details.
Package textcomp Info: Setting ? sub-encoding to TS1/1 on input line 79.

(/usr/share/texlive/texmf-dist/tex/latex/base/ts1enc.def
File: ts1enc.def 2001/06/05 v3.0e (jk/car/fm) Standard LaTeX file
Now handling font encoding TS1 ...
... processing UTF-8 mapping file for font encoding TS1

(/usr/share/texlive/texmf-dist/tex/latex/base/ts1enc.dfu
File: ts1enc.dfu 2018/10/05 v1.2f UTF-8 support for inputenc
   defining Unicode char U+00A2 (decimal 162)
   defining Unicode char U+00A3 (decimal 163)
   defining Unicode char U+00A4 (decimal 164)
   defining Unicode char U+00A5 (decimal 165)
   defining Unicode char U+00A6 (decimal 166)
   defining Unicode char U+00A7 (decimal 167)
   defining Unicode char U+00A8 (decimal 168)
   defining Unicode char U+00A9 (decimal 169)
   defining Unicode char U+00AA (decimal 170)
   defining Unicode char U+00AC (decimal 172)
   defining Unicode char U+00AE (decimal 174)
   defining Unicode char U+00AF (decimal 175)
   defining Unicode char U+00B0 (decimal 176)
   defining Unicode char U+00B1 (decimal 177)
   defining Unicode char U+00B2 (decimal 178)
   defining Unicode char U+00B3 (decimal 179)
   defining Unicode char U+00B4 (decimal 180)
   defining Unicode char U+00B5 (decimal 181)
   defining Unicode char U+00B6 (decimal 182)
   defining Unicode char U+00B7 (decimal 183)
   defining Unicode char U+00B9 (decimal 185)
   defining Unicode char U+00BA (decimal 186)
   defining Unicode char U+00BC (decimal 188)
   defining Unicode char U+00BD (decimal 189)
   defining Unicode char U+00BE (decimal 190)
   defining Unicode char U+00D7 (decimal 215)
   defining Unicode char U+00F7 (decimal 247)
   defining Unicode char U+0192 (decimal 402)
   defining Unicode char U+02C7 (decimal 711)
   defining Unicode char U+02D8 (decimal 728)
   defining Unicode char U+02DD (decimal 733)
   defining Unicode char U+0E3F (decimal 3647)
   defining Unicode char U+2016 (decimal 8214)
   defining Unicode char U+2020 (decimal 8224)
   defining Unicode char U+2021 (decimal 8225)
   defining Unicode char U+2022 (decimal 8226)
   defining Unicode char U+2030 (decimal 8240)
   defining Unicode char U+2031 (decimal 8241)
   defining Unicode char U+203B (decimal 8251)
   defining Unicode char U+203D (decimal 8253)
   defining Unicode char U+2044 (decimal 8260)
   defining Unicode char U+204E (decimal 8270)
   defining Unicode char U+2052 (decimal 8274)
   defining Unicode char U+20A1 (decimal 8353)
   defining Unicode char U+20A4 (decimal 8356)
   defining Unicode char U+20A6 (decimal 8358)
   defining Unicode char U+20A9 (decimal 8361)
   defining Unicode char U+20AB (decimal 8363)
   defining Unicode char U+20AC (decimal 8364)
   defining Unicode char U+20B1 (decimal 8369)
   defining Unicode char U+2103 (decimal 8451)
   defining Unicode char U+2116 (decimal 8470)
   defining Unicode char U+2117 (decimal 8471)
   defining Unicode char U+211E (decimal 8478)
   defining Unicode char U+2120 (decimal 8480)
   defining Unicode char U+2122 (decimal 8482)
   defining Unicode char U+2126 (decimal 8486)
   defining Unicode char U+2127 (decimal 8487)
   defining Unicode char U+212E (decimal 8494)
   defining Unicode char U+2190 (decimal 8592)
   defining Unicode char U+2191 (decimal 8593)
   defining Unicode char U+2192 (decimal 8594)
   defining Unicode char U+2193 (decimal 8595)
   defining Unicode char U+2329 (decimal 9001)
   defining Unicode char U+232A (decimal 9002)
   defining Unicode char U+2422 (decimal 9250)
   defining Unicode char U+25E6 (decimal 9702)
   defining Unicode char U+25EF (decimal 9711)
   defining Unicode char U+266A (decimal 9834)
   defining Unicode char U+FEFF (decimal 65279)
))
LaTeX Info: Redefining \oldstylenums on input line 334.
Package textcomp Info: Setting cmr sub-encoding to TS1/0 on input line 349.
Package textcomp Info: Setting cmss sub-encoding to TS1/0 on input line 350.
Package textcomp Info: Setting cmtt sub-encoding to TS1/0 on input line 351.
Package textcomp Info: Setting cmvtt sub-encoding to TS1/0 on input line 352.
Package textcomp Info: Setting cmbr sub-encoding to TS1/0 on input line 353.
Package textcomp Info: Setting cmtl sub-encoding to TS1/0 on input line 354.
Package textcomp Info: Setting ccr sub-encoding to TS1/0 on input line 355.
Package textcomp Info: Setting ptm sub-encoding to TS1/4 on input line 356.
Package textcomp Info: Setting pcr sub-encoding to TS1/4 on input line 357.
Package textcomp Info: Setting phv sub-encoding to TS1/4 on input line 358.
Package textcomp Info: Setting ppl sub-encoding to TS1/3 on input line 359.
Package textcomp Info: Setting pag sub-encoding to TS1/4 on input line 360.
Package textcomp Info: Setting pbk sub-encoding to TS1/4 on input line 361.
Package textcomp Info: Setting pnc sub-encoding to TS1/4 on input line 362.
Package textcomp Info: Setting pzc sub-encoding to TS1/4 on input line 363.
Package textcomp Info: Setting bch sub-encoding to TS1/4 on input line 364.
Package textcomp Info: Setting put sub-encoding to TS1/5 on input line 365.
Package textcomp Info: Setting uag sub-encoding to TS1/5 on input line 366.
Package textcomp Info: Setting ugq sub-encoding to TS1/5 on input line 367.
Package textcomp Info: Setting ul8 sub-encoding to TS1/4 on input line 368.
Package textcomp Info: Setting ul9 sub-encoding to TS1/4 on input line 369.
Package textcomp Info: Setting augie sub-encoding to TS1/5 on input line 370.
Package textcomp Info: Setting dayrom sub-encoding to TS1/3 on input line 371.
Package textcomp Info: Setting dayroms sub-encoding to TS1/3 on input line 372.

Package textcomp Info: Setting pxr sub-encoding to TS1/0 on input line 373.
Package textcomp Info: Setting pxss sub-encoding to TS1/0 on input line 374.
Package textcomp Info: Setting pxtt sub-encoding to TS1/0 on input line 375.
Package textcomp Info: Setting txr sub-encoding to TS1/0 on input line 376.
Package textcomp Info: Setting txss sub-encoding to TS1/0 on input line 377.
Package textcomp Info: Setting txtt sub-encoding to TS1/0 on input line 378.
Package textcomp Info: Setting lmr sub-encoding to TS1/0 on input line 379.
Package textcomp Info: Setting lmdh sub-encoding to TS1/0 on input line 380.
Package textcomp Info: Setting lmss sub-encoding to TS1/0 on input line 381.
Package textcomp Info: Setting lmssq sub-encoding to TS1/0 on input line 382.
Package textcomp Info: Setting lmvtt sub-encoding to TS1/0 on input line 383.
Package textcomp Info: Setting lmtt sub-encoding to TS1/0 on input line 384.
Package textcomp Info: Setting qhv sub-encoding to TS1/0 on input line 385.
Package textcomp Info: Setting qag sub-encoding to TS1/0 on input line 386.
Package textcomp Info: Setting qbk sub-encoding to TS1/0 on input line 387.
Package textcomp Info: Setting qcr sub-encoding to TS1/0 on input line 388.
Package textcomp Info: Setting qcs sub-encoding to TS1/0 on input line 389.
Package textcomp Info: Setting qpl sub-encoding to TS1/0 on input line 390.
Package textcomp Info: Setting qtm sub-encoding to TS1/0 on input line 391.
Package textcomp Info: Setting qzc sub-encoding to TS1/0 on input line 392.
Package textcomp Info: Setting qhvc sub-encoding to TS1/0 on input line 393.
Package textcomp Info: Setting futs sub-encoding to TS1/4 on input line 394.
Package textcomp Info: Setting futx sub-encoding to TS1/4 on input line 395.
Package textcomp Info: Setting futj sub-encoding to TS1/4 on input line 396.
Package textcomp Info: Setting hlh sub-encoding to TS1/3 on input line 397.
Package textcomp Info: Setting hls sub-encoding to TS1/3 on input line 398.
Package textcomp Info: Setting hlst sub-encoding to TS1/3 on input line 399.
Package textcomp Info: Setting hlct sub-encoding to TS1/5 on input line 400.
Package textcomp Info: Setting hlx sub-encoding to TS1/5 on input line 401.
Package textcomp Info: Setting hlce sub-encoding to TS1/5 on input line 402.
Package textcomp Info: Setting hlcn sub-encoding to TS1/5 on input line 403.
Package textcomp Info: Setting hlcw sub-encoding to TS1/5 on input line 404.
Package textcomp Info: Setting hlcf sub-encoding to TS1/5 on input line 405.
Package textcomp Info: Setting pplx sub-encoding to TS1/3 on input line 406.
Package textcomp Info: Setting pplj sub-encoding to TS1/3 on input line 407.
Package textcomp Info: Setting ptmx sub-encoding to TS1/4 on input line 408.
Package textcomp Info: Setting ptmj sub-encoding to TS1/4 on input line 409.
)
(/usr/share/texlive/texmf-dist/tex/latex/wasysym/wasysym.sty
Package: wasysym 2003/10/30 v2.0 Wasy-2 symbol support package
\symwasy=\mathgroup6
LaTeX Font Info:    Overwriting symbol font `wasy' in version `bold'
(Font)                  U/wasy/m/n --> U/wasy/b/n on input line 90.
)
(/usr/share/texlive/texmf-dist/tex/generic/ifxetex/ifxetex.sty
Package: ifxetex 2010/09/12 v0.6 Provides ifxetex conditional
)
(/usr/share/texlive/texmf-dist/tex/latex/base/fontenc.sty
Package: fontenc 2018/08/11 v2.0j Standard LaTeX package

(/usr/share/texlive/texmf-dist/tex/latex/base/t1enc.def
File: t1enc.def 2018/08/11 v2.0j Standard LaTeX file
LaTeX Font Info:    Redeclaring font encoding T1 on input line 48.
))
(/usr/share/texlive/texmf-dist/tex/latex/psnfss/helvet.sty
Package: helvet 2005/04/12 PSNFSS-v9.2a (WaS) 
)
(/usr/share/texlive/texmf-dist/tex/latex/psnfss/courier.sty
Package: courier 2005/04/12 PSNFSS-v9.2a (WaS) 
)
(/usr/share/texlive/texmf-dist/tex/latex/sectsty/sectsty.sty
Package: sectsty 2002/02/25 v2.0.2 Commands to change all sectional heading sty
les
)
(/usr/share/texlive/texmf-dist/tex/latex/geometry/geometry.sty
Package: geometry 2018/04/16 v5.8 Page Geometry

(/usr/share/texlive/texmf-dist/tex/generic/oberdiek/ifvtex.sty
Package: ifvtex 2016/05/16 v1.6 Detect VTeX and its facilities (HO)
Package ifvtex Info: VTeX not detected.
)
\Gm@cnth=\count122
\Gm@cntv=\count123
\c@Gm@tempcnt=\count124
\Gm@bindingoffset=\dimen150
\Gm@wd@mp=\dimen151
\Gm@odd@mp=\dimen152
\Gm@even@mp=\dimen153
\Gm@layoutwidth=\dimen154
\Gm@layoutheight=\dimen155
\Gm@layouthoffset=\dimen156
\Gm@layoutvoffset=\dimen157
\Gm@dimlist=\toks31
)
(/usr/share/texlive/texmf-dist/tex/latex/fancyhdr/fancyhdr.sty
Package: fancyhdr 2019/01/31 v3.10 Extensive control of page headers and footer
s
\f@nch@headwidth=\skip61
\f@nch@O@elh=\skip62
\f@nch@O@erh=\skip63
\f@nch@O@olh=\skip64
\f@nch@O@orh=\skip65
\f@nch@O@elf=\skip66
\f@nch@O@erf=\skip67
\f@nch@O@olf=\skip68
\f@nch@O@orf=\skip69
)
(/usr/share/texlive/texmf-dist/tex/latex/natbib/natbib.sty
Package: natbib 2010/09/13 8.31b (PWD, AO)
\bibhang=\skip70
\bibsep=\skip71
LaTeX Info: Redefining \cite on input line 694.
\c@NAT@ctr=\count125
)

! LaTeX Error: File `tocloft.sty' not found.

Type X to quit or <RETURN> to proceed,
or enter new name. (Default extension: sty)

Enter file name: 

! LaTeX Error: Unknown option `titles' for package `tocloft'.

See the LaTeX manual or LaTeX Companion for explanation.
Type  H <return>  for immediate help.
 ...                                              
                                                  
l.110 \setcounter
                 {tocdepth}{3}
? 
\@indexfile=\write4
\openout4 = `refman.idx'.

Writing index file refman.idx

! LaTeX Error: File `newunicodechar.sty' not found.

Type X to quit or <RETURN> to proceed,
or enter new name. (Default extension: sty)

Enter file name: 
! Undefined control sequence.
<recently read> \newunicodechar 
                                
l.115   \newunicodechar
                       {⁻}{${}^{-}$}% Superscript minus
? 

! Package inputenc Error: Unicode character ⁻ (U+207B)
(inputenc)                not set up for use with LaTeX.

See the inputenc package documentation for explanation.
Type  H <return>  for immediate help.
 ...                                              
                                                  
l.115   \newunicodechar{⁻
                           }{${}^{-}$}% Superscript minus
? 

! LaTeX Error: Missing \begin{document}.

See the LaTeX manual or LaTeX Companion for explanation.
Type  H <return>  for immediate help.
 ...                                              
                                                  
l.115   \newunicodechar{⁻}{$
                              {}^{-}$}% Superscript minus
? 
LaTeX Font Info:    Try loading font information for U+msa on input line 115.
(/usr/share/texlive/texmf-dist/tex/latex/amsfonts/umsa.fd
File: umsa.fd 2013/01/14 v3.01 AMS symbols A
)
LaTeX Font Info:    Try loading font information for U+msb on input line 115.

(/usr/share/texlive/texmf-dist/tex/latex/amsfonts/umsb.fd
File: umsb.fd 2013/01/14 v3.01 AMS symbols B
)
LaTeX Font Info:    Try loading font information for U+wasy on input line 115.

(/usr/share/texlive/texmf-dist/tex/latex/wasysym/uwasy.fd
File: uwasy.fd 2003/10/30 v2.0 Wasy-2 symbol font definitions
)
! Undefined control sequence.
l.116   \newunicodechar
                       {²}{${}^{2}$}% Superscript two
? 
LaTeX Font Info:    Try loading font information for TS1+cmr on input line 116.

(/usr/share/texlive/texmf-dist/tex/latex/base/ts1cmr.fd
File: ts1cmr.fd 2014/09/29 v2.5h Standard LaTeX font definitions
)
! Undefined control sequence.
l.117   \newunicodechar
                       {³}{${}^{3}$}% Superscript three
? 
(/usr/share/texlive/texmf-dist/tex/latex/hyperref/hyperref.sty
Package: hyperref 2019/06/12 v6.88h Hypertext links for LaTeX

(/usr/share/texlive/texmf-dist/tex/generic/oberdiek/hobsub-hyperref.sty
Package: hobsub-hyperref 2016/05/16 v1.14 Bundle oberdiek, subset hyperref (HO)


(/usr/share/texlive/texmf-dist/tex/generic/oberdiek/hobsub-generic.sty
Package: hobsub-generic 2016/05/16 v1.14 Bundle oberdiek, subset generic (HO)
Package: hobsub 2016/05/16 v1.14 Construct package bundles (HO)
Package: infwarerr 2016/05/16 v1.4 Providing info/warning/error messages (HO)
Package: ltxcmds 2016/05/16 v1.23 LaTeX kernel commands for general use (HO)
Package: ifluatex 2016/05/16 v1.4 Provides the ifluatex switch (HO)
Package ifluatex Info: LuaTeX not detected.
Package hobsub Info: Skipping package `ifvtex' (already loaded).
Package: intcalc 2016/05/16 v1.2 Expandable calculations with integers (HO)
Package hobsub Info: Skipping package `ifpdf' (already loaded).
Package: etexcmds 2016/05/16 v1.6 Avoid name clashes with e-TeX commands (HO)
Package: kvsetkeys 2016/05/16 v1.17 Key value parser (HO)
Package: kvdefinekeys 2016/05/16 v1.4 Define keys (HO)
Package: pdftexcmds 2018/09/10 v0.29 Utility functions of pdfTeX for LuaTeX (HO
)
Package pdftexcmds Info: LuaTeX not detected.
Package pdftexcmds Info: \pdf@primitive is available.
Package pdftexcmds Info: \pdf@ifprimitive is available.
Package pdftexcmds Info: \pdfdraftmode found.
Package: pdfescape 2016/05/16 v1.14 Implements pdfTeX's escape features (HO)
Package: bigintcalc 2016/05/16 v1.4 Expandable calculations on big integers (HO
)
Package: bitset 2016/05/16 v1.2 Handle bit-vector datatype (HO)
Package: uniquecounter 2016/05/16 v1.3 Provide unlimited unique counter (HO)
)
Package hobsub Info: Skipping package `hobsub' (already loaded).
Package: letltxmacro 2016/05/16 v1.5 Let assignment for LaTeX macros (HO)
Package: hopatch 2016/05/16 v1.3 Wrapper for package hooks (HO)
Package: xcolor-patch 2016/05/16 xcolor patch
Package: atveryend 2016/05/16 v1.9 Hooks at the very end of document (HO)
Package atveryend Info: \enddocument detected (standard20110627).
Package: atbegshi 2016/06/09 v1.18 At begin shipout hook (HO)
Package: refcount 2016/05/16 v3.5 Data extraction from label references (HO)
Package: hycolor 2016/05/16 v1.8 Color options for hyperref/bookmark (HO)
)
(/usr/share/texlive/texmf-dist/tex/latex/oberdiek/auxhook.sty
Package: auxhook 2016/05/16 v1.4 Hooks for auxiliary files (HO)
)
(/usr/share/texlive/texmf-dist/tex/latex/oberdiek/kvoptions.sty
Package: kvoptions 2016/05/16 v3.12 Key value format for package options (HO)
)
\@linkdim=\dimen158
\Hy@linkcounter=\count126
\Hy@pagecounter=\count127

(/usr/share/texlive/texmf-dist/tex/latex/hyperref/pd1enc.def
File: pd1enc.def 2019/06/12 v6.88h Hyperref: PDFDocEncoding definition (HO)
Now handling font encoding PD1 ...
... no UTF-8 mapping file for font encoding PD1
)
\Hy@SavedSpaceFactor=\count128

(/usr/share/texlive/texmf-dist/tex/latex/latexconfig/hyperref.cfg
File: hyperref.cfg 2002/06/06 v1.2 hyperref configuration of TeXLive
)
Package hyperref Info: Hyper figures OFF on input line 4550.
Package hyperref Info: Link nesting OFF on input line 4555.
Package hyperref Info: Hyper index ON on input line 4558.
Package hyperref Info: Plain pages OFF on input line 4565.
Package hyperref Info: Backreferencing ON on input line 4568.
Package hyperref Info: Implicit mode ON; LaTeX internals redefined.
Package hyperref Info: Bookmarks ON on input line 4803.

(/usr/share/texlive/texmf-dist/tex/latex/hyperref/backref.sty
Package: backref 2016/05/21 v1.39 Bibliographical back referencing

(/usr/share/texlive/texmf-dist/tex/latex/oberdiek/rerunfilecheck.sty
Package: rerunfilecheck 2016/05/16 v1.8 Rerun checks for auxiliary files (HO)
Package uniquecounter Info: New unique counter `rerunfilecheck' on input line 2
82.
))
\c@Hy@tempcnt=\count129

(/usr/share/texlive/texmf-dist/tex/latex/url/url.sty
\Urlmuskip=\muskip10
Package: url 2013/09/16  ver 3.4  Verb mode for urls, etc.
)
LaTeX Info: Redefining \url on input line 5156.
\XeTeXLinkMargin=\dimen159
\Fld@menulength=\count130
\Field@Width=\dimen160
\Fld@charsize=\dimen161
Package hyperref Info: Hyper figures OFF on input line 6411.
Package hyperref Info: Link nesting OFF on input line 6416.
Package hyperref Info: Hyper index ON on input line 6419.
Package hyperref Info: backreferencing ON on input line 6424.
Package hyperref Info: Link coloring OFF on input line 6431.
Package hyperref Info: Link coloring with OCG OFF on input line 6436.
Package hyperref Info: PDF/A mode OFF on input line 6441.
LaTeX Info: Redefining \ref on input line 6481.
LaTeX Info: Redefining \pageref on input line 6485.
\Hy@abspage=\count131
\c@Item=\count132
\c@Hfootnote=\count133
)
Package hyperref Info: Driver: hpdftex.

(/usr/share/texlive/texmf-dist/tex/latex/hyperref/hpdftex.def
File: hpdftex.def 2019/06/12 v6.88h Hyperref driver for pdfTeX
\Fld@listcount=\count134
\c@bookmark@seq@number=\count135
\Hy@SectionHShift=\skip72
)
Package hyperref Info: Option `colorlinks' set `true' on input line 135.
Package hyperref Info: Option `unicode' set `true' on input line 135.

(/usr/share/texlive/texmf-dist/tex/latex/hyperref/puenc.def
File: puenc.def 2019/06/12 v6.88h Hyperref: PDF Unicode definition (HO)
Now handling font encoding PU ...
... no UTF-8 mapping file for font encoding PU
)
(/usr/share/texlive/texmf-dist/tex/latex/caption/caption.sty
Package: caption 2018/10/06 v3.3-154 Customizing captions (AR)

(/usr/share/texlive/texmf-dist/tex/latex/caption/caption3.sty
Package: caption3 2018/09/12 v1.8c caption3 kernel (AR)
Package caption3 Info: TeX engine: e-TeX on input line 64.
\captionmargin=\dimen162
\captionmargin@=\dimen163
\captionwidth=\dimen164
\caption@tempdima=\dimen165
\caption@indent=\dimen166
\caption@parindent=\dimen167
\caption@hangindent=\dimen168
)
\c@caption@flags=\count136
\c@ContinuedFloat=\count137
Package caption Info: float package is loaded.
Package caption Info: hyperref package is loaded.
Package caption Info: longtable package is loaded.

(/usr/share/texlive/texmf-dist/tex/latex/caption/ltcaption.sty
Package: ltcaption 2018/08/26 v1.4-95 longtable captions (AR)
))

! LaTeX Error: File `etoc.sty' not found.

Type X to quit or <RETURN> to proceed,
or enter new name. (Default extension: sty)

Enter file name: 
! Undefined control sequence.
<recently read> \etocsettocstyle 
                                 
l.146 \etocsettocstyle
                      {\doxytocparskip}{\doxynormalparskip}
? 
No file refman.aux.
\openout1 = `refman.aux'.

LaTeX Font Info:    Checking defaults for OML/cmm/m/it on input line 150.
LaTeX Font Info:    ... okay on input line 150.
LaTeX Font Info:    Checking defaults for T1/cmr/m/n on input line 150.
LaTeX Font Info:    ... okay on input line 150.
LaTeX Font Info:    Checking defaults for OT1/cmr/m/n on input line 150.
LaTeX Font Info:    ... okay on input line 150.
LaTeX Font Info:    Checking defaults for OMS/cmsy/m/n on input line 150.
LaTeX Font Info:    ... okay on input line 150.
LaTeX Font Info:    Checking defaults for OMX/cmex/m/n on input line 150.
LaTeX Font Info:    ... okay on input line 150.
LaTeX Font Info:    Checking defaults for U/cmr/m/n on input line 150.
LaTeX Font Info:    ... okay on input line 150.
LaTeX Font Info:    Checking defaults for TS1/cmr/m/n on input line 150.
LaTeX Font Info:    ... okay on input line 150.
LaTeX Font Info:    Checking defaults for PD1/pdf/m/n on input line 150.
LaTeX Font Info:    ... okay on input line 150.
LaTeX Font Info:    Checking defaults for PU/pdf/m/n on input line 150.
LaTeX Font Info:    ... okay on input line 150.
LaTeX Font Info:    Try loading font information for T1+phv on input line 150.
(/usr/share/texlive/texmf-dist/tex/latex/psnfss/t1phv.fd
File: t1phv.fd 2001/06/04 scalable font definitions for T1/phv.
)
LaTeX Font Info:    Font shape `T1/phv/m/n' will be
(Font)              scaled to size 8.99994pt on input line 150.

(/usr/share/texlive/texmf-dist/tex/context/base/mkii/supp-pdf.mkii
[Loading MPS to PDF converter (version 2006.09.02).]
\scratchcounter=\count138
\scratchdimen=\dimen169
\scratchbox=\box70
\nofMPsegments=\count139
\nofMParguments=\count140
\everyMPshowfont=\toks32
\MPscratchCnt=\count141
\MPscratchDim=\dimen170
\MPnumerator=\count142
\makeMPintoPDFobject=\count143
\everyMPtoPDFconversion=\toks33
) (/usr/share/texlive/texmf-dist/tex/latex/oberdiek/epstopdf-base.sty
Package: epstopdf-base 2016/05/15 v2.6 Base part for package epstopdf

(/usr/share/texlive/texmf-dist/tex/latex/oberdiek/grfext.sty
Package: grfext 2016/05/16 v1.2 Manage graphics extensions (HO)
)
Package epstopdf-base Info: Redefining graphics rule for `.eps' on input line 4
38.
Package grfext Info: Graphics extension search list:
(grfext)             [.pdf,.png,.jpg,.mps,.jpeg,.jbig2,.jb2,.PDF,.PNG,.JPG,.JPE
G,.JBIG2,.JB2,.eps]
(grfext)             \AppendGraphicsExtensions on input line 456.

(/usr/share/texlive/texmf-dist/tex/latex/latexconfig/epstopdf-sys.cfg
File: epstopdf-sys.cfg 2010/07/13 v1.3 Configuration of (r)epstopdf for TeX Liv
e
))
*geometry* driver: auto-detecting
*geometry* detected driver: pdftex
*geometry* verbose mode - [ preamble ] result:
* driver: pdftex
* paper: a4paper
* layout: <same size as paper>
* layoutoffset:(h,v)=(0.0pt,0.0pt)
* modes: twoside 
* h-part:(L,W,R)=(71.13188pt, 455.24411pt, 71.13188pt)
* v-part:(T,H,B)=(71.13188pt, 702.78308pt, 71.13188pt)
* \paperwidth=597.50787pt
* \paperheight=845.04684pt
* \textwidth=455.24411pt
* \textheight=702.78308pt
* \oddsidemargin=-1.1381pt
* \evensidemargin=-1.1381pt
* \topmargin=-31.2056pt
* \headheight=12.0pt
* \headsep=18.06749pt
* \topskip=10.0pt
* \footskip=25.29494pt
* \marginparwidth=125.0pt
* \marginparsep=7.0pt
* \columnsep=10.0pt
* \skip\footins=9.0pt plus 4.0pt minus 2.0pt
* \hoffset=0.0pt
* \voffset=0.0pt
* \mag=1000
* \@twocolumnfalse
* \@twosidetrue
* \@mparswitchtrue
* \@reversemarginfalse
* (1in=72.27pt=25.4mm, 1cm=28.453pt)

\AtBeginShipoutBox=\box71
Package backref Info: ** backref set up for natbib ** on input line 150.
Package hyperref Info: Link coloring ON on input line 150.
(/usr/share/texlive/texmf-dist/tex/latex/hyperref/nameref.sty
Package: nameref 2016/05/21 v2.44 Cross-referencing by name of section

(/usr/share/texlive/texmf-dist/tex/generic/oberdiek/gettitlestring.sty
Package: gettitlestring 2016/05/16 v1.5 Cleanup title references (HO)
)
\c@section@level=\count144
)
LaTeX Info: Redefining \ref on input line 150.
LaTeX Info: Redefining \pageref on input line 150.
LaTeX Info: Redefining \nameref on input line 150.
\@outlinefile=\write5
\openout5 = `refman.out'.

Package caption Info: Begin \AtBeginDocument code.
Package caption Info: End \AtBeginDocument code.
Package hyperref Info: Option `pageanchor' set `false' on input line 156.
Package hyperref Info: Option `bookmarksnumbered' set `true' on input line 156.

Package hyperref Info: Option `unicode' set `true' on input line 156.
LaTeX Font Info:    Font shape `T1/phv/bx/n' in size <10> not available
(Font)              Font shape `T1/phv/b/n' tried instead on input line 158.
LaTeX Font Info:    Font shape `T1/phv/b/n' will be
(Font)              scaled to size 8.99994pt on input line 158.
LaTeX Font Info:    Font shape `T1/phv/bx/n' in size <7> not available
(Font)              Font shape `T1/phv/b/n' tried instead on input line 158.
LaTeX Font Info:    Font shape `T1/phv/b/n' will be
(Font)              scaled to size 6.29996pt on input line 158.

[1{/usr/share/texlive/texmf-dist/fonts/map/pdftex/updmap/pdftex.map}

] [2

]
LaTeX Font Info:    Font shape `T1/phv/m/n' will be
(Font)              scaled to size 12.9599pt on input line 161.
LaTeX Font Info:    Font shape `T1/phv/m/n' will be
(Font)              scaled to size 10.79993pt on input line 163.

[1] [2

]
LaTeX Font Info:    Font shape `T1/phv/m/n' will be
(Font)              scaled to size 22.39185pt on input line 168.
LaTeX Font Info:    Font shape `T1/phv/bx/n' in size <24.88> not available
(Font)              Font shape `T1/phv/b/n' tried instead on input line 168.
LaTeX Font Info:    Font shape `T1/phv/b/n' will be
(Font)              scaled to size 22.39185pt on input line 168.
LaTeX Font Info:    Font shape `T1/phv/bc/n' will be
(Font)              scaled to size 22.39185pt on input line 168.
\tf@toc=\write6
\openout6 = `refman.toc'.

 [1

] [2

]
Package hyperref Info: Option `pageanchor' set `true' on input line 171.

Chapter 1.
LaTeX Font Info:    Font shape `T1/phv/m/n' will be
(Font)              scaled to size 18.66588pt on input line 174.
LaTeX Font Info:    Font shape `T1/phv/bx/n' in size <20.74> not available
(Font)              Font shape `T1/phv/b/n' tried instead on input line 174.
LaTeX Font Info:    Font shape `T1/phv/b/n' will be
(Font)              scaled to size 18.66588pt on input line 174.
LaTeX Font Info:    Font shape `T1/phv/bc/n' will be
(Font)              scaled to size 18.66588pt on input line 174.
(./annotated.tex
LaTeX Font Info:    Font shape `T1/phv/bx/n' in size <14.4> not available
(Font)              Font shape `T1/phv/b/n' tried instead on input line 1.
LaTeX Font Info:    Font shape `T1/phv/b/n' will be
(Font)              scaled to size 12.9599pt on input line 1.
LaTeX Font Info:    Font shape `T1/phv/m/n' will be
(Font)              scaled to size 6.29996pt on input line 2.


LaTeX Warning: Reference `structModel' on page 1 undefined on input line 3.


LaTeX Warning: Reference `structOrient' on page 1 undefined on input line 4.


LaTeX Warning: Reference `structRelaxation' on page 1 undefined on input line 5
.


LaTeX Warning: Reference `structResidue' on page 1 undefined on input line 6.


LaTeX Warning: Reference `structrrargs' on page 1 undefined on input line 7.

) [1

] [2

]
Chapter 2.
(./files.tex

LaTeX Warning: Reference `chisq_8c' on page 3 undefined on input line 3.


LaTeX Warning: Reference `crosen_8c' on page 3 undefined on input line 4.


LaTeX Warning: Reference `datatypes_8c' on page 3 undefined on input line 5.


LaTeX Warning: Reference `errors_8c' on page 3 undefined on input line 6.


LaTeX Warning: Reference `main_8c' on page 3 undefined on input line 7.


LaTeX Warning: Reference `models_8c' on page 3 undefined on input line 8.


LaTeX Warning: Reference `read__data_8c' on page 3 undefined on input line 9.

) [3] [4

]
Chapter 3.
(./structModel.tex
LaTeX Font Info:    Font shape `T1/phv/bx/n' in size <12> not available
(Font)              Font shape `T1/phv/b/n' tried instead on input line 3.
LaTeX Font Info:    Font shape `T1/phv/b/n' will be
(Font)              scaled to size 10.79993pt on input line 3.
LaTeX Font Info:    Try loading font information for TS1+phv on input line 6.
 (/usr/share/texlive/texmf-dist/tex/latex/psnfss/ts1phv.fd
File: ts1phv.fd 2001/06/04 scalable font definitions for TS1/phv.
)
LaTeX Font Info:    Font shape `TS1/phv/m/n' will be
(Font)              scaled to size 8.99994pt on input line 6.
LaTeX Font Info:    Font shape `T1/phv/m/n' will be
(Font)              scaled to size 7.19995pt on input line 36.
LaTeX Font Info:    Try loading font information for T1+pcr on input line 36.

(/usr/share/texlive/texmf-dist/tex/latex/psnfss/t1pcr.fd
File: t1pcr.fd 2001/06/04 font definitions for T1/pcr.
) [5])
(./structOrient.tex [6]) (./structRelaxation.tex [7] [8]) (./structResidue.tex
[9] [10] [11]) (./structrrargs.tex [12]) [13] [14

]
Chapter 4.
(./chisq_8c.tex
Underfull \hbox (badness 10000) in paragraph at lines 3--5

 []

LaTeX Font Info:    Font shape `T1/pcr/m/it' in size <8> not available
(Font)              Font shape `T1/pcr/m/sl' tried instead on input line 19.

Underfull \hbox (badness 10000) in paragraph at lines 21--23

 []


Package longtable Warning: Column widths have changed
(longtable)                in table 4.1 on input line 33.


Underfull \vbox (badness 10000) has occurred while \output is active []

 [15]
Underfull \hbox (badness 10000) detected at line 34
[][][]
 []


Underfull \hbox (badness 10000) in paragraph at lines 43--45

 []


Package longtable Warning: Column widths have changed
(longtable)                in table 4.2 on input line 53.


Underfull \hbox (badness 10000) detected at line 54
[][][]
 []

) (./crosen_8c.tex
Underfull \hbox (badness 10000) in paragraph at lines 3--7

 []

LaTeX Font Info:    Font shape `T1/phv/m/n' will be
(Font)              scaled to size 8.09995pt on input line 12.
LaTeX Font Info:    Font shape `T1/phv/m/it' in size <9> not available
(Font)              Font shape `T1/phv/m/sl' tried instead on input line 12.
LaTeX Font Info:    Font shape `T1/phv/m/sl' will be
(Font)              scaled to size 8.09995pt on input line 12.
[16]
LaTeX Font Info:    Font shape `T1/pcr/m/it' in size <7> not available
(Font)              Font shape `T1/pcr/m/sl' tried instead on input line 34.

Underfull \hbox (badness 10000) in paragraph at lines 36--38

 []


Package longtable Warning: Column widths have changed
(longtable)                in table 4.3 on input line 55.


Underfull \hbox (badness 10000) detected at line 56
[][][]
 []

) (./datatypes_8c.tex
Underfull \hbox (badness 10000) in paragraph at lines 3--6

 []

[17] [18]

Package longtable Warning: Column widths have changed
(longtable)                in table 4.4 on input line 185.


Underfull \hbox (badness 10000) detected at line 186
[][][]
 []

[19]) (./errors_8c.tex
Underfull \hbox (badness 10000) in paragraph at lines 3--5

 []


Package longtable Warning: Column widths have changed
(longtable)                in table 4.5 on input line 29.

[20]

Package longtable Warning: Column widths have changed
(longtable)                in table 4.6 on input line 46.


Package longtable Warning: Column widths have changed
(longtable)                in table 4.7 on input line 59.


Underfull \hbox (badness 10000) detected at line 60
[][][]
 []


Underfull \hbox (badness 10000) detected at line 69
[][][]
 []

) (./main_8c.tex
Underfull \hbox (badness 10000) in paragraph at lines 3--12

 []

[21]

Package longtable Warning: Column widths have changed
(longtable)                in table 4.8 on input line 38.

) (./models_8c.tex [22]
Underfull \hbox (badness 10000) in paragraph at lines 3--6

 []

[23]
! Undefined control sequence.
\DoxyCodeLine #1->\hangpara 
                            {\DoxyCodeWidth }{1}{#1}\par 
l.57 \DoxyCodeLine{    (double) \{ \(\backslash\)}
                                                  
? 
! Missing number, treated as zero.
<to be read again> 
                   }
l.57 \DoxyCodeLine{    (double) \{ \(\backslash\)}
                                                  
? 
! Illegal unit of measure (pt inserted).
<to be read again> 
                   }
l.57 \DoxyCodeLine{    (double) \{ \(\backslash\)}
                                                  
? 
! Undefined control sequence.
\DoxyCodeLine #1->\hangpara 
                            {\DoxyCodeWidth }{1}{#1}\par 
l.58 \DoxyCodeLine{    ( \(\backslash\)}
                                        
? 
! Missing number, treated as zero.
<to be read again> 
                   }
l.58 \DoxyCodeLine{    ( \(\backslash\)}
                                        
? 
! Illegal unit of measure (pt inserted).
<to be read again> 
                   }
l.58 \DoxyCodeLine{    ( \(\backslash\)}
                                        
? 
! Undefined control sequence.
\DoxyCodeLine #1->\hangpara 
                            {\DoxyCodeWidth }{1}{#1}\par 
l.59 ... (1/45.) * (double) D2 * ( \(\backslash\)}
                                                  
? 
! Missing number, treated as zero.
<to be read again> 
                   }
l.59 ... (1/45.) * (double) D2 * ( \(\backslash\)}
                                                  
? 
! Illegal unit of measure (pt inserted).
<to be read again> 
                   }
l.59 ... (1/45.) * (double) D2 * ( \(\backslash\)}
                                                  
? 
! Undefined control sequence.
\DoxyCodeLine #1->\hangpara 
                            {\DoxyCodeWidth }{1}{#1}\par 
l.60 ...r), taus, S2s, tauf, S2f) +\(\backslash\)}
                                                  
? 
! Missing number, treated as zero.
<to be read again> 
                   }
l.60 ...r), taus, S2s, tauf, S2f) +\(\backslash\)}
                                                  
? 
! Illegal unit of measure (pt inserted).
<to be read again> 
                   }
l.60 ...r), taus, S2s, tauf, S2f) +\(\backslash\)}
                                                  
? 
! Undefined control sequence.
\DoxyCodeLine #1->\hangpara 
                            {\DoxyCodeWidth }{1}{#1}\par 
l.61 ...r), taus, S2s, tauf, S2f) +\(\backslash\)}
                                                  
? 
! Missing number, treated as zero.
<to be read again> 
                   }
l.61 ...r), taus, S2s, tauf, S2f) +\(\backslash\)}
                                                  
? 
! Illegal unit of measure (pt inserted).
<to be read again> 
                   }
l.61 ...r), taus, S2s, tauf, S2f) +\(\backslash\)}
                                                  
? 
! Undefined control sequence.
\DoxyCodeLine #1->\hangpara 
                            {\DoxyCodeWidth }{1}{#1}\par 
l.62 ...r), taus, S2s, tauf, S2f) +\(\backslash\)}
                                                  
? 
! Missing number, treated as zero.
<to be read again> 
                   }
l.62 ...r), taus, S2s, tauf, S2f) +\(\backslash\)}
                                                  
? 
! Illegal unit of measure (pt inserted).
<to be read again> 
                   }
l.62 ...r), taus, S2s, tauf, S2f) +\(\backslash\)}
                                                  
? 
! Undefined control sequence.
\DoxyCodeLine #1->\hangpara 
                            {\DoxyCodeWidth }{1}{#1}\par 
l.63 ...), taus, S2s, tauf, S2f) + \(\backslash\)}
                                                  
? 
! Missing number, treated as zero.
<to be read again> 
                   }
l.63 ...), taus, S2s, tauf, S2f) + \(\backslash\)}
                                                  
? 
! Illegal unit of measure (pt inserted).
<to be read again> 
                   }
l.63 ...), taus, S2s, tauf, S2f) + \(\backslash\)}
                                                  
? 
! Undefined control sequence.
\DoxyCodeLine #1->\hangpara 
                            {\DoxyCodeWidth }{1}{#1}\par 
l.64 ...mega, taus, S2s, tauf, S2f)\(\backslash\)}
                                                  
? 
! Missing number, treated as zero.
<to be read again> 
                   }
l.64 ...mega, taus, S2s, tauf, S2f)\(\backslash\)}
                                                  
? 
! Illegal unit of measure (pt inserted).
<to be read again> 
                   }
l.64 ...mega, taus, S2s, tauf, S2f)\(\backslash\)}
                                                  
? 
! Undefined control sequence.
\DoxyCodeLine #1->\hangpara 
                            {\DoxyCodeWidth }{1}{#1}\par 
l.65 \DoxyCodeLine{        )\(\backslash\)}
                                           
? 
! Missing number, treated as zero.
<to be read again> 
                   }
l.65 \DoxyCodeLine{        )\(\backslash\)}
                                           
? 
! Illegal unit of measure (pt inserted).
<to be read again> 
                   }
l.65 \DoxyCodeLine{        )\(\backslash\)}
                                           
? 
! Undefined control sequence.
\DoxyCodeLine #1->\hangpara 
                            {\DoxyCodeWidth }{1}{#1}\par 
l.66 \DoxyCodeLine{    )\(\backslash\)}
                                       
? 
! Missing number, treated as zero.
<to be read again> 
                   }
l.66 \DoxyCodeLine{    )\(\backslash\)}
                                       
? 
! Illegal unit of measure (pt inserted).
<to be read again> 
                   }
l.66 \DoxyCodeLine{    )\(\backslash\)}
                                       
? 
! Undefined control sequence.
\DoxyCodeLine #1->\hangpara 
                            {\DoxyCodeWidth }{1}{#1}\par 
l.67 \DoxyCodeLine{  \}}
                        
? 
! Missing number, treated as zero.
<to be read again> 
                   }
l.67 \DoxyCodeLine{  \}}
                        
? 
! Illegal unit of measure (pt inserted).
<to be read again> 
                   }
l.67 \DoxyCodeLine{  \}}
                        
? 
! Undefined control sequence.
\DoxyCodeLine #1->\hangpara 
                            {\DoxyCodeWidth }{1}{#1}\par 
l.79 \DoxyCodeLine{    (double) \{\(\backslash\)}
                                                 
? 
! Missing number, treated as zero.
<to be read again> 
                   }
l.79 \DoxyCodeLine{    (double) \{\(\backslash\)}
                                                 
? 
! Illegal unit of measure (pt inserted).
<to be read again> 
                   }
l.79 \DoxyCodeLine{    (double) \{\(\backslash\)}
                                                 
? 
[24]
! Undefined control sequence.
\DoxyCodeLine #1->\hangpara 
                            {\DoxyCodeWidth }{1}{#1}\par 
l.80 ...9cdee95904ba4}{sq}}(D) * ( \(\backslash\)}
                                                  
? 
! Missing number, treated as zero.
<to be read again> 
                   }
l.80 ...9cdee95904ba4}{sq}}(D) * ( \(\backslash\)}
                                                  
? 
! Illegal unit of measure (pt inserted).
<to be read again> 
                   }
l.80 ...9cdee95904ba4}{sq}}(D) * ( \(\backslash\)}
                                                  
? 
! Undefined control sequence.
\DoxyCodeLine #1->\hangpara 
                            {\DoxyCodeWidth }{1}{#1}\par 
l.81 ...bs, taus, S2s, tauf, S2f)) \(\backslash\)}
                                                  
? 
! Missing number, treated as zero.
<to be read again> 
                   }
l.81 ...bs, taus, S2s, tauf, S2f)) \(\backslash\)}
                                                  
? 
! Illegal unit of measure (pt inserted).
<to be read again> 
                   }
l.81 ...bs, taus, S2s, tauf, S2f)) \(\backslash\)}
                                                  
? 
! Undefined control sequence.
\DoxyCodeLine #1->\hangpara 
                            {\DoxyCodeWidth }{1}{#1}\par 
l.82 ...bs, taus, S2s, tauf, S2f)) \(\backslash\)}
                                                  
? 
! Missing number, treated as zero.
<to be read again> 
                   }
l.82 ...bs, taus, S2s, tauf, S2f)) \(\backslash\)}
                                                  
? 
! Illegal unit of measure (pt inserted).
<to be read again> 
                   }
l.82 ...bs, taus, S2s, tauf, S2f)) \(\backslash\)}
                                                  
? 
! Undefined control sequence.
\DoxyCodeLine #1->\hangpara 
                            {\DoxyCodeWidth }{1}{#1}\par 
l.83 ...bs, taus, S2s, tauf, S2f)) \(\backslash\)}
                                                  
? 
! Missing number, treated as zero.
<to be read again> 
                   }
l.83 ...bs, taus, S2s, tauf, S2f)) \(\backslash\)}
                                                  
? 
! Illegal unit of measure (pt inserted).
<to be read again> 
                   }
l.83 ...bs, taus, S2s, tauf, S2f)) \(\backslash\)}
                                                  
? 
! Undefined control sequence.
\DoxyCodeLine #1->\hangpara 
                            {\DoxyCodeWidth }{1}{#1}\par 
l.84 \DoxyCodeLine{      ) \(\backslash\)}
                                          
? 
! Missing number, treated as zero.
<to be read again> 
                   }
l.84 \DoxyCodeLine{      ) \(\backslash\)}
                                          
? 
! Illegal unit of measure (pt inserted).
<to be read again> 
                   }
l.84 \DoxyCodeLine{      ) \(\backslash\)}
                                          
? 
! Undefined control sequence.
\DoxyCodeLine #1->\hangpara 
                            {\DoxyCodeWidth }{1}{#1}\par 
l.85 \DoxyCodeLine{  \}}
                        
? 
! Missing number, treated as zero.
<to be read again> 
                   }
l.85 \DoxyCodeLine{  \}}
                        
? 
! Illegal unit of measure (pt inserted).
<to be read again> 
                   }
l.85 \DoxyCodeLine{  \}}
                        
? 
! Undefined control sequence.
\DoxyCodeLine #1->\hangpara 
                            {\DoxyCodeWidth }{1}{#1}\par 
l.96 \DoxyCodeLine{    (double) \{\(\backslash\)}
                                                 
? 
! Missing number, treated as zero.
<to be read again> 
                   }
l.96 \DoxyCodeLine{    (double) \{\(\backslash\)}
                                                 
? 
! Illegal unit of measure (pt inserted).
<to be read again> 
                   }
l.96 \DoxyCodeLine{    (double) \{\(\backslash\)}
                                                 
? 
! Undefined control sequence.
\DoxyCodeLine #1->\hangpara 
                            {\DoxyCodeWidth }{1}{#1}\par 
l.97 \DoxyCodeLine{    (\(\backslash\)}
                                       
? 
! Missing number, treated as zero.
<to be read again> 
                   }
l.97 \DoxyCodeLine{    (\(\backslash\)}
                                       
? 
! Illegal unit of measure (pt inserted).
<to be read again> 
                   }
l.97 \DoxyCodeLine{    (\(\backslash\)}
                                       
? 
! Undefined control sequence.
\DoxyCodeLine #1->\hangpara 
                            {\DoxyCodeWidth }{1}{#1}\par 
l.98 ...d9cdee95904ba4}{sq}}(D) * (\(\backslash\)}
                                                  
? 
! Missing number, treated as zero.
<to be read again> 
                   }
l.98 ...d9cdee95904ba4}{sq}}(D) * (\(\backslash\)}
                                                  
? 
! Illegal unit of measure (pt inserted).
<to be read again> 
                   }
l.98 ...d9cdee95904ba4}{sq}}(D) * (\(\backslash\)}
                                                  
? 
! Undefined control sequence.
\DoxyCodeLine #1->\hangpara 
                            {\DoxyCodeWidth }{1}{#1}\par 
l.99 ...r), taus, S2s, tauf, S2f) +\(\backslash\)}
                                                  
? 
! Missing number, treated as zero.
<to be read again> 
                   }
l.99 ...r), taus, S2s, tauf, S2f) +\(\backslash\)}
                                                  
? 
! Illegal unit of measure (pt inserted).
<to be read again> 
                   }
l.99 ...r), taus, S2s, tauf, S2f) +\(\backslash\)}
                                                  
? 
! Undefined control sequence.
\DoxyCodeLine #1->\hangpara 
                            {\DoxyCodeWidth }{1}{#1}\par 
l.100 ...), taus, S2s, tauf, S2f) +\(\backslash\)}
                                                  
? 
! Missing number, treated as zero.
<to be read again> 
                   }
l.100 ...), taus, S2s, tauf, S2f) +\(\backslash\)}
                                                  
? 
! Illegal unit of measure (pt inserted).
<to be read again> 
                   }
l.100 ...), taus, S2s, tauf, S2f) +\(\backslash\)}
                                                  
? 
! Undefined control sequence.
\DoxyCodeLine #1->\hangpara 
                            {\DoxyCodeWidth }{1}{#1}\par 
l.101 ...), taus, S2s, tauf, S2f) +\(\backslash\)}
                                                  
? 
! Missing number, treated as zero.
<to be read again> 
                   }
l.101 ...), taus, S2s, tauf, S2f) +\(\backslash\)}
                                                  
? 
! Illegal unit of measure (pt inserted).
<to be read again> 
                   }
l.101 ...), taus, S2s, tauf, S2f) +\(\backslash\)}
                                                  
? 
! Undefined control sequence.
\DoxyCodeLine #1->\hangpara 
                            {\DoxyCodeWidth }{1}{#1}\par 
l.102 ...), taus, S2s, tauf, S2f) +\(\backslash\)}
                                                  
? 
! Missing number, treated as zero.
<to be read again> 
                   }
l.102 ...), taus, S2s, tauf, S2f) +\(\backslash\)}
                                                  
? 
! Illegal unit of measure (pt inserted).
<to be read again> 
                   }
l.102 ...), taus, S2s, tauf, S2f) +\(\backslash\)}
                                                  
? 
! Undefined control sequence.
\DoxyCodeLine #1->\hangpara 
                            {\DoxyCodeWidth }{1}{#1}\par 
l.103 ...s, taus, S2s, tauf, S2f) +\(\backslash\)}
                                                  
? 
! Missing number, treated as zero.
<to be read again> 
                   }
l.103 ...s, taus, S2s, tauf, S2f) +\(\backslash\)}
                                                  
? 
! Illegal unit of measure (pt inserted).
<to be read again> 
                   }
l.103 ...s, taus, S2s, tauf, S2f) +\(\backslash\)}
                                                  
? 
! Undefined control sequence.
\DoxyCodeLine #1->\hangpara 
                            {\DoxyCodeWidth }{1}{#1}\par 
l.104 ...s, taus, S2s, tauf, S2f) +\(\backslash\)}
                                                  
? 
! Missing number, treated as zero.
<to be read again> 
                   }
l.104 ...s, taus, S2s, tauf, S2f) +\(\backslash\)}
                                                  
? 
! Illegal unit of measure (pt inserted).
<to be read again> 
                   }
l.104 ...s, taus, S2s, tauf, S2f) +\(\backslash\)}
                                                  
? 
! Undefined control sequence.
\DoxyCodeLine #1->\hangpara 
                            {\DoxyCodeWidth }{1}{#1}\par 
l.105 ...h, taus, S2s, tauf, S2f) +\(\backslash\)}
                                                  
? 
! Missing number, treated as zero.
<to be read again> 
                   }
l.105 ...h, taus, S2s, tauf, S2f) +\(\backslash\)}
                                                  
? 
! Illegal unit of measure (pt inserted).
<to be read again> 
                   }
l.105 ...h, taus, S2s, tauf, S2f) +\(\backslash\)}
                                                  
? 
! Undefined control sequence.
\DoxyCodeLine #1->\hangpara 
                            {\DoxyCodeWidth }{1}{#1}\par 
l.106 ...obs, taus, S2s, tauf, S2f)\(\backslash\)}
                                                  
? 
! Missing number, treated as zero.
<to be read again> 
                   }
l.106 ...obs, taus, S2s, tauf, S2f)\(\backslash\)}
                                                  
? 
! Illegal unit of measure (pt inserted).
<to be read again> 
                   }
l.106 ...obs, taus, S2s, tauf, S2f)\(\backslash\)}
                                                  
? 
! Undefined control sequence.
\DoxyCodeLine #1->\hangpara 
                            {\DoxyCodeWidth }{1}{#1}\par 
l.107 \DoxyCodeLine{        )\(\backslash\)}
                                            
? 
! Missing number, treated as zero.
<to be read again> 
                   }
l.107 \DoxyCodeLine{        )\(\backslash\)}
                                            
? 
! Illegal unit of measure (pt inserted).
<to be read again> 
                   }
l.107 \DoxyCodeLine{        )\(\backslash\)}
                                            
? 
! Undefined control sequence.
\DoxyCodeLine #1->\hangpara 
                            {\DoxyCodeWidth }{1}{#1}\par 
l.108 \DoxyCodeLine{    )\(\backslash\)}
                                        
? 
! Missing number, treated as zero.
<to be read again> 
                   }
l.108 \DoxyCodeLine{    )\(\backslash\)}
                                        
? 
! Illegal unit of measure (pt inserted).
<to be read again> 
                   }
l.108 \DoxyCodeLine{    )\(\backslash\)}
                                        
? 
! Undefined control sequence.
\DoxyCodeLine #1->\hangpara 
                            {\DoxyCodeWidth }{1}{#1}\par 
l.109 \DoxyCodeLine{  \}}
                         
? 
! Missing number, treated as zero.
<to be read again> 
                   }
l.109 \DoxyCodeLine{  \}}
                         
? 
! Illegal unit of measure (pt inserted).
<to be read again> 
                   }
l.109 \DoxyCodeLine{  \}}
                         
? 
! Undefined control sequence.
\DoxyCodeLine #1->\hangpara 
                            {\DoxyCodeWidth }{1}{#1}\par 
l.124 ...wordtype}{long} double) \{\(\backslash\)}
                                                  
? 
! Missing number, treated as zero.
<to be read again> 
                   }
l.124 ...wordtype}{long} double) \{\(\backslash\)}
                                                  
? 
! Illegal unit of measure (pt inserted).
<to be read again> 
                   }
l.124 ...wordtype}{long} double) \{\(\backslash\)}
                                                  
? 
! Undefined control sequence.
\DoxyCodeLine #1->\hangpara 
                            {\DoxyCodeWidth }{1}{#1}\par 
l.125 \DoxyCodeLine{     ( \(\backslash\)}
                                          
? 
! Missing number, treated as zero.
<to be read again> 
                   }
l.125 \DoxyCodeLine{     ( \(\backslash\)}
                                          
? 
! Illegal unit of measure (pt inserted).
<to be read again> 
                   }
l.125 \DoxyCodeLine{     ( \(\backslash\)}
                                          
? 
! Undefined control sequence.
\DoxyCodeLine #1->\hangpara 
                            {\DoxyCodeWidth }{1}{#1}\par 
l.126 \DoxyCodeLine{        ( \(\backslash\)}
                                             
? 
! Missing number, treated as zero.
<to be read again> 
                   }
l.126 \DoxyCodeLine{        ( \(\backslash\)}
                                             
? 
! Illegal unit of measure (pt inserted).
<to be read again> 
                   }
l.126 \DoxyCodeLine{        ( \(\backslash\)}
                                             
? 
! Undefined control sequence.
\DoxyCodeLine #1->\hangpara 
                            {\DoxyCodeWidth }{1}{#1}\par 
l.127 ...wordtype}{double}) tauf)) \(\backslash\)}
                                                  
? 
! Missing number, treated as zero.
<to be read again> 
                   }
l.127 ...wordtype}{double}) tauf)) \(\backslash\)}
                                                  
? 
! Illegal unit of measure (pt inserted).
<to be read again> 
                   }
l.127 ...wordtype}{double}) tauf)) \(\backslash\)}
                                                  
? 
! Undefined control sequence.
\DoxyCodeLine #1->\hangpara 
                            {\DoxyCodeWidth }{1}{#1}\par 
l.128 ...wordtype}{double}) tauf)) \(\backslash\)}
                                                  
? 
! Missing number, treated as zero.
<to be read again> 
                   }
l.128 ...wordtype}{double}) tauf)) \(\backslash\)}
                                                  
? 
! Illegal unit of measure (pt inserted).
<to be read again> 
                   }
l.128 ...wordtype}{double}) tauf)) \(\backslash\)}
                                                  
? 
! Undefined control sequence.
\DoxyCodeLine #1->\hangpara 
                            {\DoxyCodeWidth }{1}{#1}\par 
l.129 \DoxyCodeLine{        )\(\backslash\)}
                                            
? 
! Missing number, treated as zero.
<to be read again> 
                   }
l.129 \DoxyCodeLine{        )\(\backslash\)}
                                            
? 
! Illegal unit of measure (pt inserted).
<to be read again> 
                   }
l.129 \DoxyCodeLine{        )\(\backslash\)}
                                            
? 
! Undefined control sequence.
\DoxyCodeLine #1->\hangpara 
                            {\DoxyCodeWidth }{1}{#1}\par 
l.130 \DoxyCodeLine{        +\(\backslash\)}
                                            
? 
! Missing number, treated as zero.
<to be read again> 
                   }
l.130 \DoxyCodeLine{        +\(\backslash\)}
                                            
? 
! Illegal unit of measure (pt inserted).
<to be read again> 
                   }
l.130 \DoxyCodeLine{        +\(\backslash\)}
                                            
? 
[25]
! Undefined control sequence.
\DoxyCodeLine #1->\hangpara 
                            {\DoxyCodeWidth }{1}{#1}\par 
l.131 \DoxyCodeLine{        (\(\backslash\)}
                                            
? 
! Missing number, treated as zero.
<to be read again> 
                   }
l.131 \DoxyCodeLine{        (\(\backslash\)}
                                            
? 
! Illegal unit of measure (pt inserted).
<to be read again> 
                   }
l.131 \DoxyCodeLine{        (\(\backslash\)}
                                            
? 
! Undefined control sequence.
\DoxyCodeLine #1->\hangpara 
                            {\DoxyCodeWidth }{1}{#1}\par 
l.132 ...eywordtype}{double}) taus)\(\backslash\)}
                                                  
? 
! Missing number, treated as zero.
<to be read again> 
                   }
l.132 ...eywordtype}{double}) taus)\(\backslash\)}
                                                  
? 
! Illegal unit of measure (pt inserted).
<to be read again> 
                   }
l.132 ...eywordtype}{double}) taus)\(\backslash\)}
                                                  
? 
! Undefined control sequence.
\DoxyCodeLine #1->\hangpara 
                            {\DoxyCodeWidth }{1}{#1}\par 
l.133 ...type}{long} double) taus))\(\backslash\)}
                                                  
? 
! Missing number, treated as zero.
<to be read again> 
                   }
l.133 ...type}{long} double) taus))\(\backslash\)}
                                                  
? 
! Illegal unit of measure (pt inserted).
<to be read again> 
                   }
l.133 ...type}{long} double) taus))\(\backslash\)}
                                                  
? 
! Undefined control sequence.
\DoxyCodeLine #1->\hangpara 
                            {\DoxyCodeWidth }{1}{#1}\par 
l.134 \DoxyCodeLine{        )\(\backslash\)}
                                            
? 
! Missing number, treated as zero.
<to be read again> 
                   }
l.134 \DoxyCodeLine{        )\(\backslash\)}
                                            
? 
! Illegal unit of measure (pt inserted).
<to be read again> 
                   }
l.134 \DoxyCodeLine{        )\(\backslash\)}
                                            
? 
! Undefined control sequence.
\DoxyCodeLine #1->\hangpara 
                            {\DoxyCodeWidth }{1}{#1}\par 
l.135 \DoxyCodeLine{    )\(\backslash\)}
                                        
? 
! Missing number, treated as zero.
<to be read again> 
                   }
l.135 \DoxyCodeLine{    )\(\backslash\)}
                                        
? 
! Illegal unit of measure (pt inserted).
<to be read again> 
                   }
l.135 \DoxyCodeLine{    )\(\backslash\)}
                                        
? 
! Undefined control sequence.
\DoxyCodeLine #1->\hangpara 
                            {\DoxyCodeWidth }{1}{#1}\par 
l.136 \DoxyCodeLine{\}}
                       
? 
! Missing number, treated as zero.
<to be read again> 
                   }
l.136 \DoxyCodeLine{\}}
                       
? 
! Illegal unit of measure (pt inserted).
<to be read again> 
                   }
l.136 \DoxyCodeLine{\}}
                       
? 
! Undefined control sequence.
\DoxyCodeLine #1->\hangpara 
                            {\DoxyCodeWidth }{1}{#1}\par 
l.151 ...ordtype}{long} double) \{ \(\backslash\)}
                                                  
? 
! Missing number, treated as zero.
<to be read again> 
                   }
l.151 ...ordtype}{long} double) \{ \(\backslash\)}
                                                  
? 
! Illegal unit of measure (pt inserted).
<to be read again> 
                   }
l.151 ...ordtype}{long} double) \{ \(\backslash\)}
                                                  
? 
! Undefined control sequence.
\DoxyCodeLine #1->\hangpara 
                            {\DoxyCodeWidth }{1}{#1}\par 
l.152 \DoxyCodeLine{    ( \(\backslash\)}
                                         
? 
! Missing number, treated as zero.
<to be read again> 
                   }
l.152 \DoxyCodeLine{    ( \(\backslash\)}
                                         
? 
! Illegal unit of measure (pt inserted).
<to be read again> 
                   }
l.152 \DoxyCodeLine{    ( \(\backslash\)}
                                         
? 
! Undefined control sequence.
\DoxyCodeLine #1->\hangpara 
                            {\DoxyCodeWidth }{1}{#1}\par 
l.153 ...type}{long} double) tau)) \(\backslash\)}
                                                  
? 
! Missing number, treated as zero.
<to be read again> 
                   }
l.153 ...type}{long} double) tau)) \(\backslash\)}
                                                  
? 
! Illegal unit of measure (pt inserted).
<to be read again> 
                   }
l.153 ...type}{long} double) tau)) \(\backslash\)}
                                                  
? 
! Undefined control sequence.
\DoxyCodeLine #1->\hangpara 
                            {\DoxyCodeWidth }{1}{#1}\par 
l.154 ...type}{long} double) tau)) \(\backslash\)}
                                                  
? 
! Missing number, treated as zero.
<to be read again> 
                   }
l.154 ...type}{long} double) tau)) \(\backslash\)}
                                                  
? 
! Illegal unit of measure (pt inserted).
<to be read again> 
                   }
l.154 ...type}{long} double) tau)) \(\backslash\)}
                                                  
? 
! Undefined control sequence.
\DoxyCodeLine #1->\hangpara 
                            {\DoxyCodeWidth }{1}{#1}\par 
l.155 \DoxyCodeLine{    ) \(\backslash\)}
                                         
? 
! Missing number, treated as zero.
<to be read again> 
                   }
l.155 \DoxyCodeLine{    ) \(\backslash\)}
                                         
? 
! Illegal unit of measure (pt inserted).
<to be read again> 
                   }
l.155 \DoxyCodeLine{    ) \(\backslash\)}
                                         
? 
! Undefined control sequence.
\DoxyCodeLine #1->\hangpara 
                            {\DoxyCodeWidth }{1}{#1}\par 
l.156 \DoxyCodeLine{\}}
                       
? 
! Missing number, treated as zero.
<to be read again> 
                   }
l.156 \DoxyCodeLine{\}}
                       
? 
! Illegal unit of measure (pt inserted).
<to be read again> 
                   }
l.156 \DoxyCodeLine{\}}
                       
? 
[26]

Package longtable Warning: Column widths have changed
(longtable)                in table 4.9 on input line 186.


Underfull \hbox (badness 10000) detected at line 187
[][][]
 []


Package longtable Warning: Column widths have changed
(longtable)                in table 4.10 on input line 210.


Underfull \hbox (badness 10000) detected at line 211
[][][]
 []

[27]
Underfull \hbox (badness 10000) detected at line 220
[][][]
 []


Package longtable Warning: Column widths have changed
(longtable)                in table 4.11 on input line 241.


Underfull \hbox (badness 10000) detected at line 242
[][][]
 []


Underfull \hbox (badness 10000) detected at line 251
[][][]
 []


Package longtable Warning: Column widths have changed
(longtable)                in table 4.12 on input line 272.


Overfull \vbox (49.87498pt too high) has occurred while \output is active []


[28]
Underfull \hbox (badness 10000) detected at line 273
[][][]
 []


Underfull \hbox (badness 10000) detected at line 282
[][][]
 []


Package longtable Warning: Column widths have changed
(longtable)                in table 4.13 on input line 301.


Underfull \hbox (badness 10000) detected at line 302
[][][]
 []


Underfull \hbox (badness 10000) detected at line 311
[][][]
 []

[29] [30]

Package longtable Warning: Column widths have changed
(longtable)                in table 4.14 on input line 330.


Underfull \hbox (badness 10000) detected at line 331
[][][]
 []


Package longtable Warning: Column widths have changed
(longtable)                in table 4.15 on input line 350.


Underfull \hbox (badness 10000) detected at line 351
[][][]
 []

[31]

Package longtable Warning: Column widths have changed
(longtable)                in table 4.16 on input line 376.


Underfull \hbox (badness 10000) detected at line 377
[][][]
 []


Package longtable Warning: Column widths have changed
(longtable)                in table 4.17 on input line 398.


Underfull \hbox (badness 10000) detected at line 399
[][][]
 []

) (./read__data_8c.tex
Underfull \hbox (badness 10000) in paragraph at lines 3--6

 []

[32]
Underfull \hbox (badness 10000) in paragraph at lines 29--33

 []


Underfull \hbox (badness 10000) detected at line 33
[][][]
 []


Underfull \hbox (badness 10000) in paragraph at lines 34--35

 []


Package longtable Warning: Column widths have changed
(longtable)                in table 4.18 on input line 45.


Underfull \hbox (badness 10000) detected at line 46
[][][]
 []


Underfull \hbox (badness 10000) in paragraph at lines 55--64

 []


Underfull \hbox (badness 10000) detected at line 64
[][][]
 []


Underfull \hbox (badness 10000) in paragraph at lines 65--71

 []

[33]
Underfull \hbox (badness 10000) detected at line 73
[][][]
 []


Underfull \hbox (badness 10000) in paragraph at lines 74--75

 []


Package longtable Warning: Column widths have changed
(longtable)                in table 4.19 on input line 83.


Underfull \hbox (badness 10000) detected at line 84
[][][]
 []


Underfull \hbox (badness 10000) in paragraph at lines 93--98

 []


Underfull \hbox (badness 10000) detected at line 98
[][][]
 []


Underfull \hbox (badness 10000) in paragraph at lines 99--100

 []


Package longtable Warning: Column widths have changed
(longtable)                in table 4.20 on input line 110.

[34]
Underfull \hbox (badness 10000) detected at line 111
[][][]
 []


Underfull \hbox (badness 10000) detected at line 136
[][][]
 []


Underfull \hbox (badness 10000) detected at line 139
[][][]
 []


Underfull \hbox (badness 10000) in paragraph at lines 140--141

 []


Package longtable Warning: Column widths have changed
(longtable)                in table 4.21 on input line 149.


Underfull \hbox (badness 10000) detected at line 150
[][][]
 []

) [35] [36

]
No file refman.ind.

Package longtable Warning: Table widths have changed. Rerun LaTeX.

Package atveryend Info: Empty hook `BeforeClearDocument' on input line 202.
Package atveryend Info: Empty hook `AfterLastShipout' on input line 202.
(./refman.aux)
Package atveryend Info: Executing hook `AtVeryEndDocument' on input line 202.
Package atveryend Info: Executing hook `AtEndAfterFileList' on input line 202.


Package rerunfilecheck Warning: File `refman.out' has changed.
(rerunfilecheck)                Rerun to get outlines right
(rerunfilecheck)                or use package `bookmark'.

Package rerunfilecheck Info: Checksums for `refman.out':
(rerunfilecheck)             Before: <no file>
(rerunfilecheck)             After:  B5C5B57D2C5E816E43D9FF7549D8C0FB;18921.

LaTeX Warning: There were undefined references.


LaTeX Warning: Label(s) may have changed. Rerun to get cross-references right.

Package atveryend Info: Empty hook `AtVeryVeryEnd' on input line 202.
 ) 
Here is how much of TeX's memory you used:
 15517 strings out of 494553
 230222 string characters out of 6177318
 324103 words of memory out of 5000000
 18601 multiletter control sequences out of 15000+600000
 63319 words of font info for 91 fonts, out of 8000000 for 9000
 14 hyphenation exceptions out of 8191
 53i,16n,92p,600b,634s stack positions out of 5000i,500n,10000p,200000b,80000s
{/usr/share/texlive/texmf-dist/fonts/enc/dvips/base/8r.enc}{/usr/share/texliv
e/texmf-dist/fonts/enc/dvips/cm-super/cm-super-ts1.enc}</usr/share/texlive/texm
f-dist/fonts/type1/public/amsfonts/cm/cmmi10.pfb></usr/share/texlive/texmf-dist
/fonts/type1/public/amsfonts/cm/cmmi9.pfb></usr/share/texlive/texmf-dist/fonts/
type1/public/amsfonts/cm/cmr7.pfb></usr/share/texlive/texmf-dist/fonts/type1/pu
blic/amsfonts/cm/cmsy10.pfb></usr/share/texlive/texmf-dist/fonts/type1/public/a
msfonts/cm/cmsy7.pfb></usr/share/texlive/texmf-dist/fonts/type1/public/amsfonts
/cm/cmsy8.pfb></usr/share/texlive/texmf-dist/fonts/type1/public/cm-super/sfrm10
00.pfb></usr/share/texlive/texmf-dist/fonts/type1/urw/courier/ucrr8a.pfb></usr/
share/texlive/texmf-dist/fonts/type1/urw/courier/ucrro8a.pfb></usr/share/texliv
e/texmf-dist/fonts/type1/urw/helvetic/uhvb8a.pfb></usr/share/texlive/texmf-dist
/fonts/type1/urw/helvetic/uhvb8ac.pfb></usr/share/texlive/texmf-dist/fonts/type
1/urw/helvetic/uhvr8a.pfb></usr/share/texlive/texmf-dist/fonts/type1/urw/helvet
ic/uhvro8a.pfb>
Output written on refman.pdf (42 pages, 188141 bytes).
PDF statistics:
 812 PDF objects out of 1000 (max. 8388607)
 741 compressed objects within 8 object streams
 321 named destinations out of 1000 (max. 500000)
 1 words of extra memory for PDF output out of 10000 (max. 10000000)

