\BOOKMARK [0][-]{chapter.1}{\376\377\0001\000\040\000C\000l\000a\000s\000s\000\040\000I\000n\000d\000e\000x}{}% 1
\BOOKMARK [1][-]{section.1.1}{\376\377\0001\000.\0001\000\040\000C\000l\000a\000s\000s\000\040\000L\000i\000s\000t}{chapter.1}% 2
\BOOKMARK [0][-]{chapter.2}{\376\377\0002\000\040\000F\000i\000l\000e\000\040\000I\000n\000d\000e\000x}{}% 3
\BOOKMARK [1][-]{section.2.1}{\376\377\0002\000.\0001\000\040\000F\000i\000l\000e\000\040\000L\000i\000s\000t}{chapter.2}% 4
\BOOKMARK [0][-]{chapter.3}{\376\377\0003\000\040\000C\000l\000a\000s\000s\000\040\000D\000o\000c\000u\000m\000e\000n\000t\000a\000t\000i\000o\000n}{}% 5
\BOOKMARK [1][-]{section.3.1}{\376\377\0003\000.\0001\000\040\000M\000o\000d\000e\000l\000\040\000S\000t\000r\000u\000c\000t\000\040\000R\000e\000f\000e\000r\000e\000n\000c\000e}{chapter.3}% 6
\BOOKMARK [2][-]{subsection.3.1.1}{\376\377\0003\000.\0001\000.\0001\000\040\000D\000e\000t\000a\000i\000l\000e\000d\000\040\000D\000e\000s\000c\000r\000i\000p\000t\000i\000o\000n}{section.3.1}% 7
\BOOKMARK [2][-]{subsection.3.1.2}{\376\377\0003\000.\0001\000.\0002\000\040\000M\000e\000m\000b\000e\000r\000\040\000D\000a\000t\000a\000\040\000D\000o\000c\000u\000m\000e\000n\000t\000a\000t\000i\000o\000n}{section.3.1}% 8
\BOOKMARK [3][-]{subsubsection.3.1.2.1}{\376\377\0003\000.\0001\000.\0002\000.\0001\000\040\000e\000r\000r\000o\000r\000\137\000m\000o\000d\000e}{subsection.3.1.2}% 9
\BOOKMARK [3][-]{subsubsection.3.1.2.2}{\376\377\0003\000.\0001\000.\0002\000.\0002\000\040\000m\000a\000x\000\137\000f\000u\000n\000c\000\137\000e\000v\000a\000l\000s}{subsection.3.1.2}% 10
\BOOKMARK [3][-]{subsubsection.3.1.2.3}{\376\377\0003\000.\0001\000.\0002\000.\0003\000\040\000m\000a\000x\000\137\000i\000t\000e\000r}{subsection.3.1.2}% 11
\BOOKMARK [3][-]{subsubsection.3.1.2.4}{\376\377\0003\000.\0001\000.\0002\000.\0004\000\040\000m\000o\000d\000e\000l}{subsection.3.1.2}% 12
\BOOKMARK [3][-]{subsubsection.3.1.2.5}{\376\377\0003\000.\0001\000.\0002\000.\0005\000\040\000n\000\137\000e\000r\000r\000o\000r\000\137\000i\000t\000e\000r}{subsection.3.1.2}% 13
\BOOKMARK [3][-]{subsubsection.3.1.2.6}{\376\377\0003\000.\0001\000.\0002\000.\0006\000\040\000n\000\137\000i\000t\000e\000r}{subsection.3.1.2}% 14
\BOOKMARK [3][-]{subsubsection.3.1.2.7}{\376\377\0003\000.\0001\000.\0002\000.\0007\000\040\000n\000\137\000r\000e\000s\000i\000d\000u\000e\000s}{subsection.3.1.2}% 15
\BOOKMARK [3][-]{subsubsection.3.1.2.8}{\376\377\0003\000.\0001\000.\0002\000.\0008\000\040\000n\000t\000h\000r\000e\000a\000d\000s}{subsection.3.1.2}% 16
\BOOKMARK [3][-]{subsubsection.3.1.2.9}{\376\377\0003\000.\0001\000.\0002\000.\0009\000\040\000o\000u\000t\000p\000u\000t\000d\000i\000r}{subsection.3.1.2}% 17
\BOOKMARK [3][-]{subsubsection.3.1.2.10}{\376\377\0003\000.\0001\000.\0002\000.\0001\0000\000\040\000r\000e\000s\000i\000d\000u\000e\000s}{subsection.3.1.2}% 18
\BOOKMARK [1][-]{section.3.2}{\376\377\0003\000.\0002\000\040\000O\000r\000i\000e\000n\000t\000\040\000S\000t\000r\000u\000c\000t\000\040\000R\000e\000f\000e\000r\000e\000n\000c\000e}{chapter.3}% 19
\BOOKMARK [2][-]{subsection.3.2.1}{\376\377\0003\000.\0002\000.\0001\000\040\000D\000e\000t\000a\000i\000l\000e\000d\000\040\000D\000e\000s\000c\000r\000i\000p\000t\000i\000o\000n}{section.3.2}% 20
\BOOKMARK [2][-]{subsection.3.2.2}{\376\377\0003\000.\0002\000.\0002\000\040\000M\000e\000m\000b\000e\000r\000\040\000D\000a\000t\000a\000\040\000D\000o\000c\000u\000m\000e\000n\000t\000a\000t\000i\000o\000n}{section.3.2}% 21
\BOOKMARK [3][-]{subsubsection.3.2.2.1}{\376\377\0003\000.\0002\000.\0002\000.\0001\000\040\000p\000h\000i}{subsection.3.2.2}% 22
\BOOKMARK [3][-]{subsubsection.3.2.2.2}{\376\377\0003\000.\0002\000.\0002\000.\0002\000\040\000t\000h\000e\000t\000a}{subsection.3.2.2}% 23
\BOOKMARK [3][-]{subsubsection.3.2.2.3}{\376\377\0003\000.\0002\000.\0002\000.\0003\000\040\000Y\0002}{subsection.3.2.2}% 24
\BOOKMARK [3][-]{subsubsection.3.2.2.4}{\376\377\0003\000.\0002\000.\0002\000.\0004\000\040\000Y\0002\000c}{subsection.3.2.2}% 25
\BOOKMARK [1][-]{section.3.3}{\376\377\0003\000.\0003\000\040\000R\000e\000l\000a\000x\000a\000t\000i\000o\000n\000\040\000S\000t\000r\000u\000c\000t\000\040\000R\000e\000f\000e\000r\000e\000n\000c\000e}{chapter.3}% 26
\BOOKMARK [2][-]{subsection.3.3.1}{\376\377\0003\000.\0003\000.\0001\000\040\000D\000e\000t\000a\000i\000l\000e\000d\000\040\000D\000e\000s\000c\000r\000i\000p\000t\000i\000o\000n}{section.3.3}% 27
\BOOKMARK [2][-]{subsection.3.3.2}{\376\377\0003\000.\0003\000.\0002\000\040\000M\000e\000m\000b\000e\000r\000\040\000D\000a\000t\000a\000\040\000D\000o\000c\000u\000m\000e\000n\000t\000a\000t\000i\000o\000n}{section.3.3}% 28
\BOOKMARK [3][-]{subsubsection.3.3.2.1}{\376\377\0003\000.\0003\000.\0002\000.\0001\000\040\000f\000i\000e\000l\000d}{subsection.3.3.2}% 29
\BOOKMARK [3][-]{subsubsection.3.3.2.2}{\376\377\0003\000.\0003\000.\0002\000.\0002\000\040\000R}{subsection.3.3.2}% 30
\BOOKMARK [3][-]{subsubsection.3.3.2.3}{\376\377\0003\000.\0003\000.\0002\000.\0003\000\040\000R\000e\000r\000r\000o\000r}{subsection.3.3.2}% 31
\BOOKMARK [3][-]{subsubsection.3.3.2.4}{\376\377\0003\000.\0003\000.\0002\000.\0004\000\040\000T}{subsection.3.3.2}% 32
\BOOKMARK [3][-]{subsubsection.3.3.2.5}{\376\377\0003\000.\0003\000.\0002\000.\0005\000\040\000t\000y\000p\000e}{subsection.3.3.2}% 33
\BOOKMARK [3][-]{subsubsection.3.3.2.6}{\376\377\0003\000.\0003\000.\0002\000.\0006\000\040\000w\0001}{subsection.3.3.2}% 34
\BOOKMARK [3][-]{subsubsection.3.3.2.7}{\376\377\0003\000.\0003\000.\0002\000.\0007\000\040\000w\000r}{subsection.3.3.2}% 35
\BOOKMARK [1][-]{section.3.4}{\376\377\0003\000.\0004\000\040\000R\000e\000s\000i\000d\000u\000e\000\040\000S\000t\000r\000u\000c\000t\000\040\000R\000e\000f\000e\000r\000e\000n\000c\000e}{chapter.3}% 36
\BOOKMARK [2][-]{subsection.3.4.1}{\376\377\0003\000.\0004\000.\0001\000\040\000D\000e\000t\000a\000i\000l\000e\000d\000\040\000D\000e\000s\000c\000r\000i\000p\000t\000i\000o\000n}{section.3.4}% 37
\BOOKMARK [2][-]{subsection.3.4.2}{\376\377\0003\000.\0004\000.\0002\000\040\000M\000e\000m\000b\000e\000r\000\040\000D\000a\000t\000a\000\040\000D\000o\000c\000u\000m\000e\000n\000t\000a\000t\000i\000o\000n}{section.3.4}% 38
\BOOKMARK [3][-]{subsubsection.3.4.2.1}{\376\377\0003\000.\0004\000.\0002\000.\0001\000\040\000c\000s\000a\000C}{subsection.3.4.2}% 39
\BOOKMARK [3][-]{subsubsection.3.4.2.2}{\376\377\0003\000.\0004\000.\0002\000.\0002\000\040\000c\000s\000a\000N}{subsection.3.4.2}% 40
\BOOKMARK [3][-]{subsubsection.3.4.2.3}{\376\377\0003\000.\0004\000.\0002\000.\0003\000\040\000c\000s\000i\000s\000o\000C}{subsection.3.4.2}% 41
\BOOKMARK [3][-]{subsubsection.3.4.2.4}{\376\377\0003\000.\0004\000.\0002\000.\0004\000\040\000c\000s\000i\000s\000o\000N}{subsection.3.4.2}% 42
\BOOKMARK [3][-]{subsubsection.3.4.2.5}{\376\377\0003\000.\0004\000.\0002\000.\0005\000\040\000e\000r\000r\000o\000r\000\137\000c\000a\000l\000c\000s}{subsection.3.4.2}% 43
\BOOKMARK [3][-]{subsubsection.3.4.2.6}{\376\377\0003\000.\0004\000.\0002\000.\0006\000\040\000e\000r\000r\000o\000r\000\137\000p\000a\000r\000a\000m\000s}{subsection.3.4.2}% 44
\BOOKMARK [3][-]{subsubsection.3.4.2.7}{\376\377\0003\000.\0004\000.\0002\000.\0007\000\040\000e\000r\000r\000o\000r\000s\000\137\000m\000e\000a\000n}{subsection.3.4.2}% 45
\BOOKMARK [3][-]{subsubsection.3.4.2.8}{\376\377\0003\000.\0004\000.\0002\000.\0008\000\040\000e\000r\000r\000o\000r\000s\000\137\000s\000t\000d}{subsection.3.4.2}% 46
\BOOKMARK [3][-]{subsubsection.3.4.2.9}{\376\377\0003\000.\0004\000.\0002\000.\0009\000\040\000i\000g\000n\000o\000r\000e}{subsection.3.4.2}% 47
\BOOKMARK [3][-]{subsubsection.3.4.2.10}{\376\377\0003\000.\0004\000.\0002\000.\0001\0000\000\040\000l\000i\000m\000\137\000r\000e\000l\000a\000x\000a\000t\000i\000o\000n}{subsection.3.4.2}% 48
\BOOKMARK [3][-]{subsubsection.3.4.2.11}{\376\377\0003\000.\0004\000.\0002\000.\0001\0001\000\040\000m\000i\000n\000\137\000v\000a\000l}{subsection.3.4.2}% 49
\BOOKMARK [3][-]{subsubsection.3.4.2.12}{\376\377\0003\000.\0004\000.\0002\000.\0001\0002\000\040\000n\000\137\000r\000e\000l\000a\000x\000a\000t\000i\000o\000n}{subsection.3.4.2}% 50
\BOOKMARK [3][-]{subsubsection.3.4.2.13}{\376\377\0003\000.\0004\000.\0002\000.\0001\0003\000\040\000o\000r\000i\000e\000n\000t\000s}{subsection.3.4.2}% 51
\BOOKMARK [3][-]{subsubsection.3.4.2.14}{\376\377\0003\000.\0004\000.\0002\000.\0001\0004\000\040\000p\000a\000r\000a\000m\000e\000t\000e\000r\000s}{subsection.3.4.2}% 52
\BOOKMARK [3][-]{subsubsection.3.4.2.15}{\376\377\0003\000.\0004\000.\0002\000.\0001\0005\000\040\000r\000e\000l\000a\000x\000a\000t\000i\000o\000n}{subsection.3.4.2}% 53
\BOOKMARK [3][-]{subsubsection.3.4.2.16}{\376\377\0003\000.\0004\000.\0002\000.\0001\0006\000\040\000S\0002\000\137\000d\000i\000p\000o\000l\000a\000r}{subsection.3.4.2}% 54
\BOOKMARK [3][-]{subsubsection.3.4.2.17}{\376\377\0003\000.\0004\000.\0002\000.\0001\0007\000\040\000t\000e\000m\000p\000\137\000r\000e\000l\000a\000x\000a\000t\000i\000o\000n}{subsection.3.4.2}% 55
\BOOKMARK [1][-]{section.3.5}{\376\377\0003\000.\0005\000\040\000r\000r\000a\000r\000g\000s\000\040\000S\000t\000r\000u\000c\000t\000\040\000R\000e\000f\000e\000r\000e\000n\000c\000e}{chapter.3}% 56
\BOOKMARK [2][-]{subsection.3.5.1}{\376\377\0003\000.\0005\000.\0001\000\040\000D\000e\000t\000a\000i\000l\000e\000d\000\040\000D\000e\000s\000c\000r\000i\000p\000t\000i\000o\000n}{section.3.5}% 57
\BOOKMARK [2][-]{subsection.3.5.2}{\376\377\0003\000.\0005\000.\0002\000\040\000M\000e\000m\000b\000e\000r\000\040\000D\000a\000t\000a\000\040\000D\000o\000c\000u\000m\000e\000n\000t\000a\000t\000i\000o\000n}{section.3.5}% 58
\BOOKMARK [3][-]{subsubsection.3.5.2.1}{\376\377\0003\000.\0005\000.\0002\000.\0001\000\040\000i}{subsection.3.5.2}% 59
\BOOKMARK [3][-]{subsubsection.3.5.2.2}{\376\377\0003\000.\0005\000.\0002\000.\0002\000\040\000m\000o\000d\000e\000l}{subsection.3.5.2}% 60
\BOOKMARK [3][-]{subsubsection.3.5.2.3}{\376\377\0003\000.\0005\000.\0002\000.\0003\000\040\000n\000\137\000i\000t\000e\000r}{subsection.3.5.2}% 61
\BOOKMARK [3][-]{subsubsection.3.5.2.4}{\376\377\0003\000.\0005\000.\0002\000.\0004\000\040\000o\000u\000t\000p\000u\000t\000d\000i\000r}{subsection.3.5.2}% 62
\BOOKMARK [3][-]{subsubsection.3.5.2.5}{\376\377\0003\000.\0005\000.\0002\000.\0005\000\040\000r\000e\000s\000i\000d}{subsection.3.5.2}% 63
\BOOKMARK [0][-]{chapter.4}{\376\377\0004\000\040\000F\000i\000l\000e\000\040\000D\000o\000c\000u\000m\000e\000n\000t\000a\000t\000i\000o\000n}{}% 64
\BOOKMARK [1][-]{section.4.1}{\376\377\0004\000.\0001\000\040\000c\000h\000i\000s\000q\000.\000c\000\040\000F\000i\000l\000e\000\040\000R\000e\000f\000e\000r\000e\000n\000c\000e}{chapter.4}% 65
\BOOKMARK [2][-]{subsection.4.1.1}{\376\377\0004\000.\0001\000.\0001\000\040\000F\000u\000n\000c\000t\000i\000o\000n\000\040\000D\000o\000c\000u\000m\000e\000n\000t\000a\000t\000i\000o\000n}{section.4.1}% 66
\BOOKMARK [3][-]{subsubsection.4.1.1.1}{\376\377\0004\000.\0001\000.\0001\000.\0001\000\040\000b\000a\000c\000k\000\137\000c\000a\000l\000c\000u\000l\000a\000t\000e\000\050\000\051}{subsection.4.1.1}% 67
\BOOKMARK [3][-]{subsubsection.4.1.1.2}{\376\377\0004\000.\0001\000.\0001\000.\0002\000\040\000o\000p\000t\000i\000m\000i\000z\000e\000\137\000c\000h\000i\000s\000q\000\050\000\051}{subsection.4.1.1}% 68
\BOOKMARK [1][-]{section.4.2}{\376\377\0004\000.\0002\000\040\000c\000r\000o\000s\000e\000n\000.\000c\000\040\000F\000i\000l\000e\000\040\000R\000e\000f\000e\000r\000e\000n\000c\000e}{chapter.4}% 69
\BOOKMARK [2][-]{subsection.4.2.1}{\376\377\0004\000.\0002\000.\0001\000\040\000F\000u\000n\000c\000t\000i\000o\000n\000\040\000D\000o\000c\000u\000m\000e\000n\000t\000a\000t\000i\000o\000n}{section.4.2}% 70
\BOOKMARK [3][-]{subsubsection.4.2.1.1}{\376\377\0004\000.\0002\000.\0001\000.\0001\000\040\000s\000i\000m\000p\000l\000e\000x\000\050\000\051}{subsection.4.2.1}% 71
\BOOKMARK [1][-]{section.4.3}{\376\377\0004\000.\0003\000\040\000d\000a\000t\000a\000t\000y\000p\000e\000s\000.\000c\000\040\000F\000i\000l\000e\000\040\000R\000e\000f\000e\000r\000e\000n\000c\000e}{chapter.4}% 72
\BOOKMARK [2][-]{subsection.4.3.1}{\376\377\0004\000.\0003\000.\0001\000\040\000F\000u\000n\000c\000t\000i\000o\000n\000\040\000D\000o\000c\000u\000m\000e\000n\000t\000a\000t\000i\000o\000n}{section.4.3}% 73
\BOOKMARK [3][-]{subsubsection.4.3.1.1}{\376\377\0004\000.\0003\000.\0001\000.\0001\000\040\000c\000a\000l\000c\000u\000l\000a\000t\000e\000\137\000Y\0002\000\050\000\051}{subsection.4.3.1}% 74
\BOOKMARK [3][-]{subsubsection.4.3.1.2}{\376\377\0004\000.\0003\000.\0001\000.\0002\000\040\000f\000r\000e\000e\000\137\000a\000l\000l\000\050\000\051}{subsection.4.3.1}% 75
\BOOKMARK [3][-]{subsubsection.4.3.1.3}{\376\377\0004\000.\0003\000.\0001\000.\0003\000\040\000i\000n\000i\000t\000i\000a\000l\000i\000s\000e\000\137\000d\000w\000i\000g\000\050\000\051}{subsection.4.3.1}% 76
\BOOKMARK [1][-]{section.4.4}{\376\377\0004\000.\0004\000\040\000e\000r\000r\000o\000r\000s\000.\000c\000\040\000F\000i\000l\000e\000\040\000R\000e\000f\000e\000r\000e\000n\000c\000e}{chapter.4}% 77
\BOOKMARK [2][-]{subsection.4.4.1}{\376\377\0004\000.\0004\000.\0001\000\040\000F\000u\000n\000c\000t\000i\000o\000n\000\040\000D\000o\000c\000u\000m\000e\000n\000t\000a\000t\000i\000o\000n}{section.4.4}% 78
\BOOKMARK [3][-]{subsubsection.4.4.1.1}{\376\377\0004\000.\0004\000.\0001\000.\0001\000\040\000c\000a\000l\000c\000\137\000e\000r\000r\000o\000r\000s\000\050\000\051}{subsection.4.4.1}% 79
\BOOKMARK [3][-]{subsubsection.4.4.1.2}{\376\377\0004\000.\0004\000.\0001\000.\0002\000\040\000c\000a\000l\000c\000\137\000s\000t\000a\000t\000i\000s\000t\000i\000c\000s\000\050\000\051}{subsection.4.4.1}% 80
\BOOKMARK [3][-]{subsubsection.4.4.1.3}{\376\377\0004\000.\0004\000.\0001\000.\0003\000\040\000n\000o\000r\000m\000\137\000r\000a\000n\000d\000\050\000\051}{subsection.4.4.1}% 81
\BOOKMARK [3][-]{subsubsection.4.4.1.4}{\376\377\0004\000.\0004\000.\0001\000.\0004\000\040\000u\000n\000i\000f\000o\000r\000m\000\137\000r\000a\000n\000d\000\050\000\051}{subsection.4.4.1}% 82
\BOOKMARK [1][-]{section.4.5}{\376\377\0004\000.\0005\000\040\000m\000a\000i\000n\000.\000c\000\040\000F\000i\000l\000e\000\040\000R\000e\000f\000e\000r\000e\000n\000c\000e}{chapter.4}% 83
\BOOKMARK [2][-]{subsection.4.5.1}{\376\377\0004\000.\0005\000.\0001\000\040\000F\000u\000n\000c\000t\000i\000o\000n\000\040\000D\000o\000c\000u\000m\000e\000n\000t\000a\000t\000i\000o\000n}{section.4.5}% 84
\BOOKMARK [3][-]{subsubsection.4.5.1.1}{\376\377\0004\000.\0005\000.\0001\000.\0001\000\040\000m\000a\000i\000n\000\050\000\051}{subsection.4.5.1}% 85
\BOOKMARK [3][-]{subsubsection.4.5.1.2}{\376\377\0004\000.\0005\000.\0001\000.\0002\000\040\000r\000u\000n\000\137\000r\000e\000s\000i\000d\000u\000e\000\050\000\051}{subsection.4.5.1}% 86
\BOOKMARK [1][-]{section.4.6}{\376\377\0004\000.\0006\000\040\000m\000o\000d\000e\000l\000s\000.\000c\000\040\000F\000i\000l\000e\000\040\000R\000e\000f\000e\000r\000e\000n\000c\000e}{chapter.4}% 87
\BOOKMARK [2][-]{subsection.4.6.1}{\376\377\0004\000.\0006\000.\0001\000\040\000F\000u\000n\000c\000t\000i\000o\000n\000\040\000D\000o\000c\000u\000m\000e\000n\000t\000a\000t\000i\000o\000n}{section.4.6}% 88
\BOOKMARK [3][-]{subsubsection.4.6.1.1}{\376\377\0004\000.\0006\000.\0001\000.\0001\000\040\000E\000M\000F\000\137\000R\0001\000\050\000\051}{subsection.4.6.1}% 89
\BOOKMARK [3][-]{subsubsection.4.6.1.2}{\376\377\0004\000.\0006\000.\0001\000.\0002\000\040\000E\000M\000F\000\137\000R\0002\000\050\000\051}{subsection.4.6.1}% 90
\BOOKMARK [3][-]{subsubsection.4.6.1.3}{\376\377\0004\000.\0006\000.\0001\000.\0003\000\040\000G\000A\000F\000\137\0001\0003\000C\000R\0001\000\050\000\051}{subsection.4.6.1}% 91
\BOOKMARK [3][-]{subsubsection.4.6.1.4}{\376\377\0004\000.\0006\000.\0001\000.\0004\000\040\000G\000A\000F\000\137\0001\0003\000C\000R\0002\000\050\000\051}{subsection.4.6.1}% 92
\BOOKMARK [3][-]{subsubsection.4.6.1.5}{\376\377\0004\000.\0006\000.\0001\000.\0005\000\040\000G\000A\000F\000\137\0001\0005\000N\000R\0001\000\050\000\051}{subsection.4.6.1}% 93
\BOOKMARK [3][-]{subsubsection.4.6.1.6}{\376\377\0004\000.\0006\000.\0001\000.\0006\000\040\000G\000A\000F\000\137\0001\0005\000N\000R\0002\000\050\000\051}{subsection.4.6.1}% 94
\BOOKMARK [3][-]{subsubsection.4.6.1.7}{\376\377\0004\000.\0006\000.\0001\000.\0007\000\040\000G\000A\000F\000\137\000C\000S\000A\000\137\000R\0002\000\050\000\051}{subsection.4.6.1}% 95
\BOOKMARK [3][-]{subsubsection.4.6.1.8}{\376\377\0004\000.\0006\000.\0001\000.\0008\000\040\000G\000A\000F\000\137\000D\000i\000p\000o\000l\000a\000r\000\137\000R\0001\000\050\000\051}{subsection.4.6.1}% 96
\BOOKMARK [3][-]{subsubsection.4.6.1.9}{\376\377\0004\000.\0006\000.\0001\000.\0009\000\040\000G\000A\000F\000\137\000D\000i\000p\000o\000l\000a\000r\000\137\000R\0002\000\050\000\051}{subsection.4.6.1}% 97
\BOOKMARK [3][-]{subsubsection.4.6.1.10}{\376\377\0004\000.\0006\000.\0001\000.\0001\0000\000\040\000G\000A\000F\000\137\000S\0002\000\050\000\051}{subsection.4.6.1}% 98
\BOOKMARK [3][-]{subsubsection.4.6.1.11}{\376\377\0004\000.\0006\000.\0001\000.\0001\0001\000\040\000J\0000\000\137\000E\000M\000F\000\050\000\051}{subsection.4.6.1}% 99
\BOOKMARK [3][-]{subsubsection.4.6.1.12}{\376\377\0004\000.\0006\000.\0001\000.\0001\0002\000\040\000J\0000\000\137\000S\000M\000F\000\050\000\051}{subsection.4.6.1}% 100
\BOOKMARK [3][-]{subsubsection.4.6.1.13}{\376\377\0004\000.\0006\000.\0001\000.\0001\0003\000\040\000S\000M\000F\000\137\000R\0001\000\050\000\051}{subsection.4.6.1}% 101
\BOOKMARK [3][-]{subsubsection.4.6.1.14}{\376\377\0004\000.\0006\000.\0001\000.\0001\0004\000\040\000S\000M\000F\000\137\000R\0002\000\050\000\051}{subsection.4.6.1}% 102
\BOOKMARK [1][-]{section.4.7}{\376\377\0004\000.\0007\000\040\000r\000e\000a\000d\000\137\000d\000a\000t\000a\000.\000c\000\040\000F\000i\000l\000e\000\040\000R\000e\000f\000e\000r\000e\000n\000c\000e}{chapter.4}% 103
\BOOKMARK [2][-]{subsection.4.7.1}{\376\377\0004\000.\0007\000.\0001\000\040\000F\000u\000n\000c\000t\000i\000o\000n\000\040\000D\000o\000c\000u\000m\000e\000n\000t\000a\000t\000i\000o\000n}{section.4.7}% 104
\BOOKMARK [3][-]{subsubsection.4.7.1.1}{\376\377\0004\000.\0007\000.\0001\000.\0001\000\040\000r\000e\000a\000d\000\137\000p\000p\000\050\000\051}{subsection.4.7.1}% 105
\BOOKMARK [3][-]{subsubsection.4.7.1.2}{\376\377\0004\000.\0007\000.\0001\000.\0002\000\040\000r\000e\000a\000d\000\137\000r\000e\000l\000a\000x\000a\000t\000i\000o\000n\000\137\000d\000a\000t\000a\000\050\000\051}{subsection.4.7.1}% 106
\BOOKMARK [3][-]{subsubsection.4.7.1.3}{\376\377\0004\000.\0007\000.\0001\000.\0003\000\040\000r\000e\000a\000d\000\137\000r\000e\000s\000i\000d\000\137\000d\000a\000t\000a\000\050\000\051}{subsection.4.7.1}% 107
\BOOKMARK [3][-]{subsubsection.4.7.1.4}{\376\377\0004\000.\0007\000.\0001\000.\0004\000\040\000r\000e\000a\000d\000\137\000s\000y\000s\000t\000e\000m\000\137\000f\000i\000l\000e\000\050\000\051}{subsection.4.7.1}% 108
